{
  error: Error: Oops!
      at Object.<anonymous> (C:\main\RS node\REST_Service\src\app.js:34:7)
      at Module._compile (internal/modules/cjs/loader.js:1137:30)
      at Object.Module._extensions..js (internal/modules/cjs/loader.js:1157:10)
      at Module.load (internal/modules/cjs/loader.js:985:32)
      at Function.Module._load (internal/modules/cjs/loader.js:878:14)
      at Module.require (internal/modules/cjs/loader.js:1025:19)
      at require (internal/modules/cjs/helpers.js:72:18)
      at Object.<anonymous> (C:\main\RS node\REST_Service\src\server.js:2:13)
      at Module._compile (internal/modules/cjs/loader.js:1137:30)
      at Object.Module._extensions..js (internal/modules/cjs/loader.js:1157:10),
  level: 'error',
  message: 'uncaughtException: Oops!\n' +
    'Error: Oops!\n' +
    '    at Object.<anonymous> (C:\\main\\RS node\\REST_Service\\src\\app.js:34:7)\n' +
    '    at Module._compile (internal/modules/cjs/loader.js:1137:30)\n' +
    '    at Object.Module._extensions..js (internal/modules/cjs/loader.js:1157:10)\n' +
    '    at Module.load (internal/modules/cjs/loader.js:985:32)\n' +
    '    at Function.Module._load (internal/modules/cjs/loader.js:878:14)\n' +
    '    at Module.require (internal/modules/cjs/loader.js:1025:19)\n' +
    '    at require (internal/modules/cjs/helpers.js:72:18)\n' +
    '    at Object.<anonymous> (C:\\main\\RS node\\REST_Service\\src\\server.js:2:13)\n' +
    '    at Module._compile (internal/modules/cjs/loader.js:1137:30)\n' +
    '    at Object.Module._extensions..js (internal/modules/cjs/loader.js:1157:10)',
  stack: 'Error: Oops!\n' +
    '    at Object.<anonymous> (C:\\main\\RS node\\REST_Service\\src\\app.js:34:7)\n' +
    '    at Module._compile (internal/modules/cjs/loader.js:1137:30)\n' +
    '    at Object.Module._extensions..js (internal/modules/cjs/loader.js:1157:10)\n' +
    '    at Module.load (internal/modules/cjs/loader.js:985:32)\n' +
    '    at Function.Module._load (internal/modules/cjs/loader.js:878:14)\n' +
    '    at Module.require (internal/modules/cjs/loader.js:1025:19)\n' +
    '    at require (internal/modules/cjs/helpers.js:72:18)\n' +
    '    at Object.<anonymous> (C:\\main\\RS node\\REST_Service\\src\\server.js:2:13)\n' +
    '    at Module._compile (internal/modules/cjs/loader.js:1137:30)\n' +
    '    at Object.Module._extensions..js (internal/modules/cjs/loader.js:1157:10)',
  exception: true,
  date: 'Sun Oct 18 2020 23:08:22 GMT+0300 (GMT+03:00)',
  process: {
    pid: 15640,
    uid: null,
    gid: null,
    cwd: 'C:\\main\\RS node\\REST_Service',
    execPath: 'C:\\Program Files\\nodejs\\node.exe',
    version: 'v12.18.4',
    argv: [
      'C:\\Program Files\\nodejs\\node.exe',
      'C:\\main\\RS node\\REST_Service\\src\\server.js'
    ],
    memoryUsage: {
      rss: 42479616,
      heapTotal: 20008960,
      heapUsed: 13958424,
      external: 1378046,
      arrayBuffers: 39652
    }
  },
  os: { loadavg: [ 0, 0, 0 ], uptime: 14881 },
  trace: [
    {
      column: 7,
      file: 'C:\\main\\RS node\\REST_Service\\src\\app.js',
      function: null,
      line: 34,
      method: null,
      native: false
    },
    {
      column: 30,
      file: 'internal/modules/cjs/loader.js',
      function: 'Module._compile',
      line: 1137,
      method: '_compile',
      native: false
    },
    {
      column: 10,
      file: 'internal/modules/cjs/loader.js',
      function: 'Module._extensions..js',
      line: 1157,
      method: '.js',
      native: false
    },
    {
      column: 32,
      file: 'internal/modules/cjs/loader.js',
      function: 'Module.load',
      line: 985,
      method: 'load',
      native: false
    },
    {
      column: 14,
      file: 'internal/modules/cjs/loader.js',
      function: 'Module._load',
      line: 878,
      method: '_load',
      native: false
    },
    {
      column: 19,
      file: 'internal/modules/cjs/loader.js',
      function: 'Module.require',
      line: 1025,
      method: 'require',
      native: false
    },
    {
      column: 18,
      file: 'internal/modules/cjs/helpers.js',
      function: 'require',
      line: 72,
      method: null,
      native: false
    },
    {
      column: 13,
      file: 'C:\\main\\RS node\\REST_Service\\src\\server.js',
      function: null,
      line: 2,
      method: null,
      native: false
    },
    {
      column: 30,
      file: 'internal/modules/cjs/loader.js',
      function: 'Module._compile',
      line: 1137,
      method: '_compile',
      native: false
    },
    {
      column: 10,
      file: 'internal/modules/cjs/loader.js',
      function: 'Module._extensions..js',
      line: 1157,
      method: '.js',
      native: false
    }
  ],
  timestamp: '2020-10-18 23:08:23.003'
}
{
  message: {
    type: 'uncaughtException',
    msg: 'Oops!',
    stack: Error: Oops!
        at Object.<anonymous> (C:\main\RS node\REST_Service\src\app.js:34:7)
        at Module._compile (internal/modules/cjs/loader.js:1137:30)
        at Object.Module._extensions..js (internal/modules/cjs/loader.js:1157:10)
        at Module.load (internal/modules/cjs/loader.js:985:32)
        at Function.Module._load (internal/modules/cjs/loader.js:878:14)
        at Module.require (internal/modules/cjs/loader.js:1025:19)
        at require (internal/modules/cjs/helpers.js:72:18)
        at Object.<anonymous> (C:\main\RS node\REST_Service\src\server.js:2:13)
        at Module._compile (internal/modules/cjs/loader.js:1137:30)
        at Object.Module._extensions..js (internal/modules/cjs/loader.js:1157:10)
  },
  level: 'error',
  timestamp: '2020-10-18 23:08:23.007'
}
{
  error: Error: Uncaught exception!
      at Object.<anonymous> (C:\main\RS node\REST_Service\src\app.js:34:7)
      at Module._compile (internal/modules/cjs/loader.js:1137:30)
      at Object.Module._extensions..js (internal/modules/cjs/loader.js:1157:10)
      at Module.load (internal/modules/cjs/loader.js:985:32)
      at Function.Module._load (internal/modules/cjs/loader.js:878:14)
      at Module.require (internal/modules/cjs/loader.js:1025:19)
      at require (internal/modules/cjs/helpers.js:72:18)
      at Object.<anonymous> (C:\main\RS node\REST_Service\src\server.js:2:13)
      at Module._compile (internal/modules/cjs/loader.js:1137:30)
      at Object.Module._extensions..js (internal/modules/cjs/loader.js:1157:10),
  level: 'error',
  message: 'uncaughtException: Uncaught exception!\n' +
    'Error: Uncaught exception!\n' +
    '    at Object.<anonymous> (C:\\main\\RS node\\REST_Service\\src\\app.js:34:7)\n' +
    '    at Module._compile (internal/modules/cjs/loader.js:1137:30)\n' +
    '    at Object.Module._extensions..js (internal/modules/cjs/loader.js:1157:10)\n' +
    '    at Module.load (internal/modules/cjs/loader.js:985:32)\n' +
    '    at Function.Module._load (internal/modules/cjs/loader.js:878:14)\n' +
    '    at Module.require (internal/modules/cjs/loader.js:1025:19)\n' +
    '    at require (internal/modules/cjs/helpers.js:72:18)\n' +
    '    at Object.<anonymous> (C:\\main\\RS node\\REST_Service\\src\\server.js:2:13)\n' +
    '    at Module._compile (internal/modules/cjs/loader.js:1137:30)\n' +
    '    at Object.Module._extensions..js (internal/modules/cjs/loader.js:1157:10)',
  stack: 'Error: Uncaught exception!\n' +
    '    at Object.<anonymous> (C:\\main\\RS node\\REST_Service\\src\\app.js:34:7)\n' +
    '    at Module._compile (internal/modules/cjs/loader.js:1137:30)\n' +
    '    at Object.Module._extensions..js (internal/modules/cjs/loader.js:1157:10)\n' +
    '    at Module.load (internal/modules/cjs/loader.js:985:32)\n' +
    '    at Function.Module._load (internal/modules/cjs/loader.js:878:14)\n' +
    '    at Module.require (internal/modules/cjs/loader.js:1025:19)\n' +
    '    at require (internal/modules/cjs/helpers.js:72:18)\n' +
    '    at Object.<anonymous> (C:\\main\\RS node\\REST_Service\\src\\server.js:2:13)\n' +
    '    at Module._compile (internal/modules/cjs/loader.js:1137:30)\n' +
    '    at Object.Module._extensions..js (internal/modules/cjs/loader.js:1157:10)',
  exception: true,
  date: 'Sun Oct 18 2020 23:11:36 GMT+0300 (GMT+03:00)',
  process: {
    pid: 3284,
    uid: null,
    gid: null,
    cwd: 'C:\\main\\RS node\\REST_Service',
    execPath: 'C:\\Program Files\\nodejs\\node.exe',
    version: 'v12.18.4',
    argv: [
      'C:\\Program Files\\nodejs\\node.exe',
      'C:\\main\\RS node\\REST_Service\\src\\server.js'
    ],
    memoryUsage: {
      rss: 42373120,
      heapTotal: 19746816,
      heapUsed: 13911504,
      external: 1378046,
      arrayBuffers: 39652
    }
  },
  os: { loadavg: [ 0, 0, 0 ], uptime: 15074 },
  trace: [
    {
      column: 7,
      file: 'C:\\main\\RS node\\REST_Service\\src\\app.js',
      function: null,
      line: 34,
      method: null,
      native: false
    },
    {
      column: 30,
      file: 'internal/modules/cjs/loader.js',
      function: 'Module._compile',
      line: 1137,
      method: '_compile',
      native: false
    },
    {
      column: 10,
      file: 'internal/modules/cjs/loader.js',
      function: 'Module._extensions..js',
      line: 1157,
      method: '.js',
      native: false
    },
    {
      column: 32,
      file: 'internal/modules/cjs/loader.js',
      function: 'Module.load',
      line: 985,
      method: 'load',
      native: false
    },
    {
      column: 14,
      file: 'internal/modules/cjs/loader.js',
      function: 'Module._load',
      line: 878,
      method: '_load',
      native: false
    },
    {
      column: 19,
      file: 'internal/modules/cjs/loader.js',
      function: 'Module.require',
      line: 1025,
      method: 'require',
      native: false
    },
    {
      column: 18,
      file: 'internal/modules/cjs/helpers.js',
      function: 'require',
      line: 72,
      method: null,
      native: false
    },
    {
      column: 13,
      file: 'C:\\main\\RS node\\REST_Service\\src\\server.js',
      function: null,
      line: 2,
      method: null,
      native: false
    },
    {
      column: 30,
      file: 'internal/modules/cjs/loader.js',
      function: 'Module._compile',
      line: 1137,
      method: '_compile',
      native: false
    },
    {
      column: 10,
      file: 'internal/modules/cjs/loader.js',
      function: 'Module._extensions..js',
      line: 1157,
      method: '.js',
      native: false
    }
  ],
  timestamp: '2020-10-18 23:11:36.371'
}
{
  message: {
    type: 'uncaughtException',
    msg: 'Uncaught exception!',
    stack: Error: Uncaught exception!
        at Object.<anonymous> (C:\main\RS node\REST_Service\src\app.js:34:7)
        at Module._compile (internal/modules/cjs/loader.js:1137:30)
        at Object.Module._extensions..js (internal/modules/cjs/loader.js:1157:10)
        at Module.load (internal/modules/cjs/loader.js:985:32)
        at Function.Module._load (internal/modules/cjs/loader.js:878:14)
        at Module.require (internal/modules/cjs/loader.js:1025:19)
        at require (internal/modules/cjs/helpers.js:72:18)
        at Object.<anonymous> (C:\main\RS node\REST_Service\src\server.js:2:13)
        at Module._compile (internal/modules/cjs/loader.js:1137:30)
        at Object.Module._extensions..js (internal/modules/cjs/loader.js:1157:10)
  },
  level: 'error',
  timestamp: '2020-10-18 23:11:36.376'
}
{
  error: Error: Uncaught exception!
      at Object.<anonymous> (C:\main\RS node\REST_Service\src\app.js:34:7)
      at Module._compile (internal/modules/cjs/loader.js:1137:30)
      at Object.Module._extensions..js (internal/modules/cjs/loader.js:1157:10)
      at Module.load (internal/modules/cjs/loader.js:985:32)
      at Function.Module._load (internal/modules/cjs/loader.js:878:14)
      at Module.require (internal/modules/cjs/loader.js:1025:19)
      at require (internal/modules/cjs/helpers.js:72:18)
      at Object.<anonymous> (C:\main\RS node\REST_Service\src\server.js:2:13)
      at Module._compile (internal/modules/cjs/loader.js:1137:30)
      at Object.Module._extensions..js (internal/modules/cjs/loader.js:1157:10),
  level: 'error',
  message: 'uncaughtException: Uncaught exception!\n' +
    'Error: Uncaught exception!\n' +
    '    at Object.<anonymous> (C:\\main\\RS node\\REST_Service\\src\\app.js:34:7)\n' +
    '    at Module._compile (internal/modules/cjs/loader.js:1137:30)\n' +
    '    at Object.Module._extensions..js (internal/modules/cjs/loader.js:1157:10)\n' +
    '    at Module.load (internal/modules/cjs/loader.js:985:32)\n' +
    '    at Function.Module._load (internal/modules/cjs/loader.js:878:14)\n' +
    '    at Module.require (internal/modules/cjs/loader.js:1025:19)\n' +
    '    at require (internal/modules/cjs/helpers.js:72:18)\n' +
    '    at Object.<anonymous> (C:\\main\\RS node\\REST_Service\\src\\server.js:2:13)\n' +
    '    at Module._compile (internal/modules/cjs/loader.js:1137:30)\n' +
    '    at Object.Module._extensions..js (internal/modules/cjs/loader.js:1157:10)',
  stack: 'Error: Uncaught exception!\n' +
    '    at Object.<anonymous> (C:\\main\\RS node\\REST_Service\\src\\app.js:34:7)\n' +
    '    at Module._compile (internal/modules/cjs/loader.js:1137:30)\n' +
    '    at Object.Module._extensions..js (internal/modules/cjs/loader.js:1157:10)\n' +
    '    at Module.load (internal/modules/cjs/loader.js:985:32)\n' +
    '    at Function.Module._load (internal/modules/cjs/loader.js:878:14)\n' +
    '    at Module.require (internal/modules/cjs/loader.js:1025:19)\n' +
    '    at require (internal/modules/cjs/helpers.js:72:18)\n' +
    '    at Object.<anonymous> (C:\\main\\RS node\\REST_Service\\src\\server.js:2:13)\n' +
    '    at Module._compile (internal/modules/cjs/loader.js:1137:30)\n' +
    '    at Object.Module._extensions..js (internal/modules/cjs/loader.js:1157:10)',
  exception: true,
  date: 'Sun Oct 18 2020 23:11:57 GMT+0300 (GMT+03:00)',
  process: {
    pid: 10548,
    uid: null,
    gid: null,
    cwd: 'C:\\main\\RS node\\REST_Service',
    execPath: 'C:\\Program Files\\nodejs\\node.exe',
    version: 'v12.18.4',
    argv: [
      'C:\\Program Files\\nodejs\\node.exe',
      'C:\\main\\RS node\\REST_Service\\src\\server.js'
    ],
    memoryUsage: {
      rss: 42741760,
      heapTotal: 20008960,
      heapUsed: 13872088,
      external: 1386238,
      arrayBuffers: 47844
    }
  },
  os: { loadavg: [ 0, 0, 0 ], uptime: 15095 },
  trace: [
    {
      column: 7,
      file: 'C:\\main\\RS node\\REST_Service\\src\\app.js',
      function: null,
      line: 34,
      method: null,
      native: false
    },
    {
      column: 30,
      file: 'internal/modules/cjs/loader.js',
      function: 'Module._compile',
      line: 1137,
      method: '_compile',
      native: false
    },
    {
      column: 10,
      file: 'internal/modules/cjs/loader.js',
      function: 'Module._extensions..js',
      line: 1157,
      method: '.js',
      native: false
    },
    {
      column: 32,
      file: 'internal/modules/cjs/loader.js',
      function: 'Module.load',
      line: 985,
      method: 'load',
      native: false
    },
    {
      column: 14,
      file: 'internal/modules/cjs/loader.js',
      function: 'Module._load',
      line: 878,
      method: '_load',
      native: false
    },
    {
      column: 19,
      file: 'internal/modules/cjs/loader.js',
      function: 'Module.require',
      line: 1025,
      method: 'require',
      native: false
    },
    {
      column: 18,
      file: 'internal/modules/cjs/helpers.js',
      function: 'require',
      line: 72,
      method: null,
      native: false
    },
    {
      column: 13,
      file: 'C:\\main\\RS node\\REST_Service\\src\\server.js',
      function: null,
      line: 2,
      method: null,
      native: false
    },
    {
      column: 30,
      file: 'internal/modules/cjs/loader.js',
      function: 'Module._compile',
      line: 1137,
      method: '_compile',
      native: false
    },
    {
      column: 10,
      file: 'internal/modules/cjs/loader.js',
      function: 'Module._extensions..js',
      line: 1157,
      method: '.js',
      native: false
    }
  ],
  timestamp: '2020-10-18 23:11:57.294'
}
{
  message: {
    type: 'uncaughtException',
    msg: 'Uncaught exception!',
    stack: Error: Uncaught exception!
        at Object.<anonymous> (C:\main\RS node\REST_Service\src\app.js:34:7)
        at Module._compile (internal/modules/cjs/loader.js:1137:30)
        at Object.Module._extensions..js (internal/modules/cjs/loader.js:1157:10)
        at Module.load (internal/modules/cjs/loader.js:985:32)
        at Function.Module._load (internal/modules/cjs/loader.js:878:14)
        at Module.require (internal/modules/cjs/loader.js:1025:19)
        at require (internal/modules/cjs/helpers.js:72:18)
        at Object.<anonymous> (C:\main\RS node\REST_Service\src\server.js:2:13)
        at Module._compile (internal/modules/cjs/loader.js:1137:30)
        at Object.Module._extensions..js (internal/modules/cjs/loader.js:1157:10)
  },
  level: 'error',
  timestamp: '2020-10-18 23:11:57.296'
}
{
  message: {
    query: {},
    body: {},
    url: '/boards/4504ed00-35b7-4ae7-9c63-5f1d904b1159/tasks/742f61d2-6c80-4038-ac8a-f445f29adf5b',
    method: 'GET',
    status: 404
  },
  level: 'error',
  timestamp: '2020-10-18 23:13:54.111'
}
{
  message: {
    query: {},
    body: {},
    url: '/boards/cef6907f-9e82-40fc-9fa9-454d74b37c8d',
    method: 'GET',
    status: 404
  },
  level: 'error',
  timestamp: '2020-10-18 23:13:54.115'
}
{
  message: {
    query: {},
    body: {},
    url: '/boards/068285de-7b7f-4f4d-95ab-163aa9a85a95/tasks/3b6e3591-d350-4b8e-a842-a6b84bda9eda',
    method: 'GET',
    status: 404
  },
  level: 'error',
  timestamp: '2020-10-18 23:13:54.134'
}
{
  message: {
    query: {},
    body: {},
    url: '/boards/068285de-7b7f-4f4d-95ab-163aa9a85a95/tasks/998a69e6-5a02-4e3c-a1a7-69d4a2244942',
    method: 'GET',
    status: 404
  },
  level: 'error',
  timestamp: '2020-10-18 23:13:54.135'
}
{
  message: {
    query: {},
    body: {},
    url: '/boards/068285de-7b7f-4f4d-95ab-163aa9a85a95/tasks/8ab3a696-57ab-4ce9-9b7a-803b7a68b3a2',
    method: 'GET',
    status: 404
  },
  level: 'error',
  timestamp: '2020-10-18 23:13:54.136'
}
{
  message: {
    query: {},
    body: {},
    url: '/boards/068285de-7b7f-4f4d-95ab-163aa9a85a95/tasks/da59f288-955c-45a2-acef-a3dbc68dc4d4',
    method: 'GET',
    status: 404
  },
  level: 'error',
  timestamp: '2020-10-18 23:13:54.137'
}
{
  message: {
    query: {},
    body: {},
    url: '/boards/068285de-7b7f-4f4d-95ab-163aa9a85a95/tasks/1d4624c4-ffa2-4bc0-bffb-9acadfe0d3e5',
    method: 'GET',
    status: 404
  },
  level: 'error',
  timestamp: '2020-10-18 23:13:54.138'
}
{
    "message": {
        "type": "unhandledRejection",
        "msg": "Error: Unhandled rejection!
   See \"logs/error.log\" for more details",
        "stack": "Error: Unhandled rejection!
    at Object.<anonymous> (C:\\main\\RS node\\REST_Service\\src\\app.js:35:16)
    at Module._compile (internal/modules/cjs/loader.js:1137:30)
    at Object.Module._extensions..js (internal/modules/cjs/loader.js:1157:10)
    at Module.load (internal/modules/cjs/loader.js:985:32)
    at Function.Module._load (internal/modules/cjs/loader.js:878:14)
    at Module.require (internal/modules/cjs/loader.js:1025:19)
    at require (internal/modules/cjs/helpers.js:72:18)
    at Object.<anonymous> (C:\\main\\RS node\\REST_Service\\src\\server.js:2:13)
    at Module._compile (internal/modules/cjs/loader.js:1137:30)
    at Object.Module._extensions..js (internal/modules/cjs/loader.js:1157:10)"
    },
    "level": "error",
    "timestamp": "2020-10-18T20:14:09.358Z"
}{
    "message": {
        "type": "unhandledRejection",
        "msg": "Unhandled rejection!",
        "stack": "Error: Unhandled rejection!
    at Object.<anonymous> (C:\\main\\RS node\\REST_Service\\src\\app.js:35:16)
    at Module._compile (internal/modules/cjs/loader.js:1137:30)
    at Object.Module._extensions..js (internal/modules/cjs/loader.js:1157:10)
    at Module.load (internal/modules/cjs/loader.js:985:32)
    at Function.Module._load (internal/modules/cjs/loader.js:878:14)
    at Module.require (internal/modules/cjs/loader.js:1025:19)
    at require (internal/modules/cjs/helpers.js:72:18)
    at Object.<anonymous> (C:\\main\\RS node\\REST_Service\\src\\server.js:2:13)
    at Module._compile (internal/modules/cjs/loader.js:1137:30)
    at Object.Module._extensions..js (internal/modules/cjs/loader.js:1157:10)"
    },
    "level": "error",
    "timestamp": "2020-10-18T20:14:59.224Z"
}{
  error: Error: Uncaught exception!
      at Object.<anonymous> (C:\main\RS node\REST_Service\src\app.js:34:7)
      at Module._compile (internal/modules/cjs/loader.js:1137:30)
      at Object.Module._extensions..js (internal/modules/cjs/loader.js:1157:10)
      at Module.load (internal/modules/cjs/loader.js:985:32)
      at Function.Module._load (internal/modules/cjs/loader.js:878:14)
      at Module.require (internal/modules/cjs/loader.js:1025:19)
      at require (internal/modules/cjs/helpers.js:72:18)
      at Object.<anonymous> (C:\main\RS node\REST_Service\src\server.js:2:13)
      at Module._compile (internal/modules/cjs/loader.js:1137:30)
      at Object.Module._extensions..js (internal/modules/cjs/loader.js:1157:10),
  level: 'error',
  message: 'uncaughtException: Uncaught exception!\n' +
    'Error: Uncaught exception!\n' +
    '    at Object.<anonymous> (C:\\main\\RS node\\REST_Service\\src\\app.js:34:7)\n' +
    '    at Module._compile (internal/modules/cjs/loader.js:1137:30)\n' +
    '    at Object.Module._extensions..js (internal/modules/cjs/loader.js:1157:10)\n' +
    '    at Module.load (internal/modules/cjs/loader.js:985:32)\n' +
    '    at Function.Module._load (internal/modules/cjs/loader.js:878:14)\n' +
    '    at Module.require (internal/modules/cjs/loader.js:1025:19)\n' +
    '    at require (internal/modules/cjs/helpers.js:72:18)\n' +
    '    at Object.<anonymous> (C:\\main\\RS node\\REST_Service\\src\\server.js:2:13)\n' +
    '    at Module._compile (internal/modules/cjs/loader.js:1137:30)\n' +
    '    at Object.Module._extensions..js (internal/modules/cjs/loader.js:1157:10)',
  stack: 'Error: Uncaught exception!\n' +
    '    at Object.<anonymous> (C:\\main\\RS node\\REST_Service\\src\\app.js:34:7)\n' +
    '    at Module._compile (internal/modules/cjs/loader.js:1137:30)\n' +
    '    at Object.Module._extensions..js (internal/modules/cjs/loader.js:1157:10)\n' +
    '    at Module.load (internal/modules/cjs/loader.js:985:32)\n' +
    '    at Function.Module._load (internal/modules/cjs/loader.js:878:14)\n' +
    '    at Module.require (internal/modules/cjs/loader.js:1025:19)\n' +
    '    at require (internal/modules/cjs/helpers.js:72:18)\n' +
    '    at Object.<anonymous> (C:\\main\\RS node\\REST_Service\\src\\server.js:2:13)\n' +
    '    at Module._compile (internal/modules/cjs/loader.js:1137:30)\n' +
    '    at Object.Module._extensions..js (internal/modules/cjs/loader.js:1157:10)',
  exception: true,
  date: 'Sun Oct 18 2020 23:15:45 GMT+0300 (GMT+03:00)',
  process: {
    pid: 6908,
    uid: null,
    gid: null,
    cwd: 'C:\\main\\RS node\\REST_Service',
    execPath: 'C:\\Program Files\\nodejs\\node.exe',
    version: 'v12.18.4',
    argv: [
      'C:\\Program Files\\nodejs\\node.exe',
      'C:\\main\\RS node\\REST_Service\\src\\server.js'
    ],
    memoryUsage: {
      rss: 42520576,
      heapTotal: 20008960,
      heapUsed: 13815824,
      external: 1386238,
      arrayBuffers: 47844
    }
  },
  os: { loadavg: [ 0, 0, 0 ], uptime: 15323 },
  trace: [
    {
      column: 7,
      file: 'C:\\main\\RS node\\REST_Service\\src\\app.js',
      function: null,
      line: 34,
      method: null,
      native: false
    },
    {
      column: 30,
      file: 'internal/modules/cjs/loader.js',
      function: 'Module._compile',
      line: 1137,
      method: '_compile',
      native: false
    },
    {
      column: 10,
      file: 'internal/modules/cjs/loader.js',
      function: 'Module._extensions..js',
      line: 1157,
      method: '.js',
      native: false
    },
    {
      column: 32,
      file: 'internal/modules/cjs/loader.js',
      function: 'Module.load',
      line: 985,
      method: 'load',
      native: false
    },
    {
      column: 14,
      file: 'internal/modules/cjs/loader.js',
      function: 'Module._load',
      line: 878,
      method: '_load',
      native: false
    },
    {
      column: 19,
      file: 'internal/modules/cjs/loader.js',
      function: 'Module.require',
      line: 1025,
      method: 'require',
      native: false
    },
    {
      column: 18,
      file: 'internal/modules/cjs/helpers.js',
      function: 'require',
      line: 72,
      method: null,
      native: false
    },
    {
      column: 13,
      file: 'C:\\main\\RS node\\REST_Service\\src\\server.js',
      function: null,
      line: 2,
      method: null,
      native: false
    },
    {
      column: 30,
      file: 'internal/modules/cjs/loader.js',
      function: 'Module._compile',
      line: 1137,
      method: '_compile',
      native: false
    },
    {
      column: 10,
      file: 'internal/modules/cjs/loader.js',
      function: 'Module._extensions..js',
      line: 1157,
      method: '.js',
      native: false
    }
  ],
  timestamp: '2020-10-18 23:15:45.319'
}
{
  message: {
    type: 'uncaughtException',
    msg: 'Uncaught exception!',
    stack: Error: Uncaught exception!
        at Object.<anonymous> (C:\main\RS node\REST_Service\src\app.js:34:7)
        at Module._compile (internal/modules/cjs/loader.js:1137:30)
        at Object.Module._extensions..js (internal/modules/cjs/loader.js:1157:10)
        at Module.load (internal/modules/cjs/loader.js:985:32)
        at Function.Module._load (internal/modules/cjs/loader.js:878:14)
        at Module.require (internal/modules/cjs/loader.js:1025:19)
        at require (internal/modules/cjs/helpers.js:72:18)
        at Object.<anonymous> (C:\main\RS node\REST_Service\src\server.js:2:13)
        at Module._compile (internal/modules/cjs/loader.js:1137:30)
        at Object.Module._extensions..js (internal/modules/cjs/loader.js:1157:10)
  },
  level: 'error',
  timestamp: '2020-10-18 23:15:45.320'
}
{
    "message": {
        "type": "unhandledRejection",
        "msg": "Unhandled rejection!",
        "stack": "Error: Unhandled rejection!
    at Object.<anonymous> (C:\\main\\RS node\\REST_Service\\src\\app.js:35:16)
    at Module._compile (internal/modules/cjs/loader.js:1137:30)
    at Object.Module._extensions..js (internal/modules/cjs/loader.js:1157:10)
    at Module.load (internal/modules/cjs/loader.js:985:32)
    at Function.Module._load (internal/modules/cjs/loader.js:878:14)
    at Module.require (internal/modules/cjs/loader.js:1025:19)
    at require (internal/modules/cjs/helpers.js:72:18)
    at Object.<anonymous> (C:\\main\\RS node\\REST_Service\\src\\server.js:2:13)
    at Module._compile (internal/modules/cjs/loader.js:1137:30)
    at Object.Module._extensions..js (internal/modules/cjs/loader.js:1157:10)"
    },
    "level": "error",
    "timestamp": "2020-10-18T20:18:45.257Z"
}{
    "message": {
        "type": "unhandledRejection",
        "msg": "Unhandled rejection!",
        "stack": "Error: Unhandled rejection!
    at Object.<anonymous> (C:\\main\\RS node\\REST_Service\\src\\app.js:35:16)
    at Module._compile (internal/modules/cjs/loader.js:1137:30)
    at Object.Module._extensions..js (internal/modules/cjs/loader.js:1157:10)
    at Module.load (internal/modules/cjs/loader.js:985:32)
    at Function.Module._load (internal/modules/cjs/loader.js:878:14)
    at Module.require (internal/modules/cjs/loader.js:1025:19)
    at require (internal/modules/cjs/helpers.js:72:18)
    at Object.<anonymous> (C:\\main\\RS node\\REST_Service\\src\\server.js:2:13)
    at Module._compile (internal/modules/cjs/loader.js:1137:30)
    at Object.Module._extensions..js (internal/modules/cjs/loader.js:1157:10)"
    },
    "level": "error",
    "timestamp": "2020-10-18T20:19:59.225Z"
}{
    "message": {
        "type": "unhandledRejection",
        "msg": "Unhandled rejection!",
        "stack": "Error: Unhandled rejection!
    at Object.<anonymous> (C:\\main\\RS node\\REST_Service\\src\\app.js:35:16)
    at Module._compile (internal/modules/cjs/loader.js:1137:30)
    at Object.Module._extensions..js (internal/modules/cjs/loader.js:1157:10)
    at Module.load (internal/modules/cjs/loader.js:985:32)
    at Function.Module._load (internal/modules/cjs/loader.js:878:14)
    at Module.require (internal/modules/cjs/loader.js:1025:19)
    at require (internal/modules/cjs/helpers.js:72:18)
    at Object.<anonymous> (C:\\main\\RS node\\REST_Service\\src\\server.js:2:13)
    at Module._compile (internal/modules/cjs/loader.js:1137:30)
    at Object.Module._extensions..js (internal/modules/cjs/loader.js:1157:10)"
    },
    "level": "error",
    "timestamp": "2020-10-18T20:20:19.971Z"
}{
    "message": {
        "type": "unhandledRejection",
        "msg": "Unhandled rejection!",
        "stack": "Error: Unhandled rejection!
    at Object.<anonymous> (C:\\main\\RS node\\REST_Service\\src\\app.js:35:16)
    at Module._compile (internal/modules/cjs/loader.js:1137:30)
    at Object.Module._extensions..js (internal/modules/cjs/loader.js:1157:10)
    at Module.load (internal/modules/cjs/loader.js:985:32)
    at Function.Module._load (internal/modules/cjs/loader.js:878:14)
    at Module.require (internal/modules/cjs/loader.js:1025:19)
    at require (internal/modules/cjs/helpers.js:72:18)
    at Object.<anonymous> (C:\\main\\RS node\\REST_Service\\src\\server.js:2:13)
    at Module._compile (internal/modules/cjs/loader.js:1137:30)
    at Object.Module._extensions..js (internal/modules/cjs/loader.js:1157:10)"
    },
    "level": "error",
    "timestamp": "2020-10-18T20:20:40.802Z"
}{
    "message": {
        "type": "unhandledRejection",
        "msg": "Unhandled rejection!",
        "stack": "Error: Unhandled rejection!
    at Object.<anonymous> (C:\\main\\RS node\\REST_Service\\src\\app.js:35:16)
    at Module._compile (internal/modules/cjs/loader.js:1137:30)
    at Object.Module._extensions..js (internal/modules/cjs/loader.js:1157:10)
    at Module.load (internal/modules/cjs/loader.js:985:32)
    at Function.Module._load (internal/modules/cjs/loader.js:878:14)
    at Module.require (internal/modules/cjs/loader.js:1025:19)
    at require (internal/modules/cjs/helpers.js:72:18)
    at Object.<anonymous> (C:\\main\\RS node\\REST_Service\\src\\server.js:2:13)
    at Module._compile (internal/modules/cjs/loader.js:1137:30)
    at Object.Module._extensions..js (internal/modules/cjs/loader.js:1157:10)"
    },
    "level": "error",
    "timestamp": "2020-10-18T20:20:49.481Z"
}{
    "message": {
        "type": "unhandledRejection",
        "msg": "Unhandled rejection!",
        "stack": "Error: Unhandled rejection!
    at Object.<anonymous> (C:\\main\\RS node\\REST_Service\\src\\app.js:35:16)
    at Module._compile (internal/modules/cjs/loader.js:1137:30)
    at Object.Module._extensions..js (internal/modules/cjs/loader.js:1157:10)
    at Module.load (internal/modules/cjs/loader.js:985:32)
    at Function.Module._load (internal/modules/cjs/loader.js:878:14)
    at Module.require (internal/modules/cjs/loader.js:1025:19)
    at require (internal/modules/cjs/helpers.js:72:18)
    at Object.<anonymous> (C:\\main\\RS node\\REST_Service\\src\\server.js:2:13)
    at Module._compile (internal/modules/cjs/loader.js:1137:30)
    at Object.Module._extensions..js (internal/modules/cjs/loader.js:1157:10)"
    },
    "level": "error",
    "timestamp": "2020-10-18T20:21:24.435Z"
}{
    "message": {
        "type": "unhandledRejection",
        "msg": "Unhandled rejection!",
        "stack": "Error: Unhandled rejection!
    at Object.<anonymous> (C:\\main\\RS node\\REST_Service\\src\\app.js:35:16)
    at Module._compile (internal/modules/cjs/loader.js:1137:30)
    at Object.Module._extensions..js (internal/modules/cjs/loader.js:1157:10)
    at Module.load (internal/modules/cjs/loader.js:985:32)
    at Function.Module._load (internal/modules/cjs/loader.js:878:14)
    at Module.require (internal/modules/cjs/loader.js:1025:19)
    at require (internal/modules/cjs/helpers.js:72:18)
    at Object.<anonymous> (C:\\main\\RS node\\REST_Service\\src\\server.js:2:13)
    at Module._compile (internal/modules/cjs/loader.js:1137:30)
    at Object.Module._extensions..js (internal/modules/cjs/loader.js:1157:10)"
    },
    "level": "error",
    "timestamp": "2020-10-18T20:21:42.052Z"
}{
  error: Error: Uncaught exception!
      at Object.<anonymous> (C:\main\RS node\REST_Service\src\app.js:34:7)
      at Module._compile (internal/modules/cjs/loader.js:1137:30)
      at Object.Module._extensions..js (internal/modules/cjs/loader.js:1157:10)
      at Module.load (internal/modules/cjs/loader.js:985:32)
      at Function.Module._load (internal/modules/cjs/loader.js:878:14)
      at Module.require (internal/modules/cjs/loader.js:1025:19)
      at require (internal/modules/cjs/helpers.js:72:18)
      at Object.<anonymous> (C:\main\RS node\REST_Service\src\server.js:2:13)
      at Module._compile (internal/modules/cjs/loader.js:1137:30)
      at Object.Module._extensions..js (internal/modules/cjs/loader.js:1157:10),
  level: 'error',
  message: 'uncaughtException: Uncaught exception!\n' +
    'Error: Uncaught exception!\n' +
    '    at Object.<anonymous> (C:\\main\\RS node\\REST_Service\\src\\app.js:34:7)\n' +
    '    at Module._compile (internal/modules/cjs/loader.js:1137:30)\n' +
    '    at Object.Module._extensions..js (internal/modules/cjs/loader.js:1157:10)\n' +
    '    at Module.load (internal/modules/cjs/loader.js:985:32)\n' +
    '    at Function.Module._load (internal/modules/cjs/loader.js:878:14)\n' +
    '    at Module.require (internal/modules/cjs/loader.js:1025:19)\n' +
    '    at require (internal/modules/cjs/helpers.js:72:18)\n' +
    '    at Object.<anonymous> (C:\\main\\RS node\\REST_Service\\src\\server.js:2:13)\n' +
    '    at Module._compile (internal/modules/cjs/loader.js:1137:30)\n' +
    '    at Object.Module._extensions..js (internal/modules/cjs/loader.js:1157:10)',
  stack: 'Error: Uncaught exception!\n' +
    '    at Object.<anonymous> (C:\\main\\RS node\\REST_Service\\src\\app.js:34:7)\n' +
    '    at Module._compile (internal/modules/cjs/loader.js:1137:30)\n' +
    '    at Object.Module._extensions..js (internal/modules/cjs/loader.js:1157:10)\n' +
    '    at Module.load (internal/modules/cjs/loader.js:985:32)\n' +
    '    at Function.Module._load (internal/modules/cjs/loader.js:878:14)\n' +
    '    at Module.require (internal/modules/cjs/loader.js:1025:19)\n' +
    '    at require (internal/modules/cjs/helpers.js:72:18)\n' +
    '    at Object.<anonymous> (C:\\main\\RS node\\REST_Service\\src\\server.js:2:13)\n' +
    '    at Module._compile (internal/modules/cjs/loader.js:1137:30)\n' +
    '    at Object.Module._extensions..js (internal/modules/cjs/loader.js:1157:10)',
  exception: true,
  date: 'Sun Oct 18 2020 23:23:33 GMT+0300 (GMT+03:00)',
  process: {
    pid: 5864,
    uid: null,
    gid: null,
    cwd: 'C:\\main\\RS node\\REST_Service',
    execPath: 'C:\\Program Files\\nodejs\\node.exe',
    version: 'v12.18.4',
    argv: [
      'C:\\Program Files\\nodejs\\node.exe',
      'C:\\main\\RS node\\REST_Service\\src\\server.js'
    ],
    memoryUsage: {
      rss: 42459136,
      heapTotal: 19746816,
      heapUsed: 13833720,
      external: 1386238,
      arrayBuffers: 47844
    }
  },
  os: { loadavg: [ 0, 0, 0 ], uptime: 15792 },
  trace: [
    {
      column: 7,
      file: 'C:\\main\\RS node\\REST_Service\\src\\app.js',
      function: null,
      line: 34,
      method: null,
      native: false
    },
    {
      column: 30,
      file: 'internal/modules/cjs/loader.js',
      function: 'Module._compile',
      line: 1137,
      method: '_compile',
      native: false
    },
    {
      column: 10,
      file: 'internal/modules/cjs/loader.js',
      function: 'Module._extensions..js',
      line: 1157,
      method: '.js',
      native: false
    },
    {
      column: 32,
      file: 'internal/modules/cjs/loader.js',
      function: 'Module.load',
      line: 985,
      method: 'load',
      native: false
    },
    {
      column: 14,
      file: 'internal/modules/cjs/loader.js',
      function: 'Module._load',
      line: 878,
      method: '_load',
      native: false
    },
    {
      column: 19,
      file: 'internal/modules/cjs/loader.js',
      function: 'Module.require',
      line: 1025,
      method: 'require',
      native: false
    },
    {
      column: 18,
      file: 'internal/modules/cjs/helpers.js',
      function: 'require',
      line: 72,
      method: null,
      native: false
    },
    {
      column: 13,
      file: 'C:\\main\\RS node\\REST_Service\\src\\server.js',
      function: null,
      line: 2,
      method: null,
      native: false
    },
    {
      column: 30,
      file: 'internal/modules/cjs/loader.js',
      function: 'Module._compile',
      line: 1137,
      method: '_compile',
      native: false
    },
    {
      column: 10,
      file: 'internal/modules/cjs/loader.js',
      function: 'Module._extensions..js',
      line: 1157,
      method: '.js',
      native: false
    }
  ],
  timestamp: '2020-10-18 23:23:33.848'
}
{
  message: {
    type: 'uncaughtException',
    msg: 'Uncaught exception!',
    stack: Error: Uncaught exception!
        at Object.<anonymous> (C:\main\RS node\REST_Service\src\app.js:34:7)
        at Module._compile (internal/modules/cjs/loader.js:1137:30)
        at Object.Module._extensions..js (internal/modules/cjs/loader.js:1157:10)
        at Module.load (internal/modules/cjs/loader.js:985:32)
        at Function.Module._load (internal/modules/cjs/loader.js:878:14)
        at Module.require (internal/modules/cjs/loader.js:1025:19)
        at require (internal/modules/cjs/helpers.js:72:18)
        at Object.<anonymous> (C:\main\RS node\REST_Service\src\server.js:2:13)
        at Module._compile (internal/modules/cjs/loader.js:1137:30)
        at Object.Module._extensions..js (internal/modules/cjs/loader.js:1157:10)
  },
  level: 'error',
  timestamp: '2020-10-18 23:23:33.850'
}
{
  error: Error: Uncaught exception!
      at Object.<anonymous> (C:\main\RS node\REST_Service\src\app.js:34:7)
      at Module._compile (internal/modules/cjs/loader.js:1137:30)
      at Object.Module._extensions..js (internal/modules/cjs/loader.js:1157:10)
      at Module.load (internal/modules/cjs/loader.js:985:32)
      at Function.Module._load (internal/modules/cjs/loader.js:878:14)
      at Module.require (internal/modules/cjs/loader.js:1025:19)
      at require (internal/modules/cjs/helpers.js:72:18)
      at Object.<anonymous> (C:\main\RS node\REST_Service\src\server.js:2:13)
      at Module._compile (internal/modules/cjs/loader.js:1137:30)
      at Object.Module._extensions..js (internal/modules/cjs/loader.js:1157:10),
  level: 'error',
  message: 'uncaughtException: Uncaught exception!\n' +
    'Error: Uncaught exception!\n' +
    '    at Object.<anonymous> (C:\\main\\RS node\\REST_Service\\src\\app.js:34:7)\n' +
    '    at Module._compile (internal/modules/cjs/loader.js:1137:30)\n' +
    '    at Object.Module._extensions..js (internal/modules/cjs/loader.js:1157:10)\n' +
    '    at Module.load (internal/modules/cjs/loader.js:985:32)\n' +
    '    at Function.Module._load (internal/modules/cjs/loader.js:878:14)\n' +
    '    at Module.require (internal/modules/cjs/loader.js:1025:19)\n' +
    '    at require (internal/modules/cjs/helpers.js:72:18)\n' +
    '    at Object.<anonymous> (C:\\main\\RS node\\REST_Service\\src\\server.js:2:13)\n' +
    '    at Module._compile (internal/modules/cjs/loader.js:1137:30)\n' +
    '    at Object.Module._extensions..js (internal/modules/cjs/loader.js:1157:10)',
  stack: 'Error: Uncaught exception!\n' +
    '    at Object.<anonymous> (C:\\main\\RS node\\REST_Service\\src\\app.js:34:7)\n' +
    '    at Module._compile (internal/modules/cjs/loader.js:1137:30)\n' +
    '    at Object.Module._extensions..js (internal/modules/cjs/loader.js:1157:10)\n' +
    '    at Module.load (internal/modules/cjs/loader.js:985:32)\n' +
    '    at Function.Module._load (internal/modules/cjs/loader.js:878:14)\n' +
    '    at Module.require (internal/modules/cjs/loader.js:1025:19)\n' +
    '    at require (internal/modules/cjs/helpers.js:72:18)\n' +
    '    at Object.<anonymous> (C:\\main\\RS node\\REST_Service\\src\\server.js:2:13)\n' +
    '    at Module._compile (internal/modules/cjs/loader.js:1137:30)\n' +
    '    at Object.Module._extensions..js (internal/modules/cjs/loader.js:1157:10)',
  exception: true,
  date: 'Sun Oct 18 2020 23:24:45 GMT+0300 (GMT+03:00)',
  process: {
    pid: 4820,
    uid: null,
    gid: null,
    cwd: 'C:\\main\\RS node\\REST_Service',
    execPath: 'C:\\Program Files\\nodejs\\node.exe',
    version: 'v12.18.4',
    argv: [
      'C:\\Program Files\\nodejs\\node.exe',
      'C:\\main\\RS node\\REST_Service\\src\\server.js'
    ],
    memoryUsage: {
      rss: 42639360,
      heapTotal: 20271104,
      heapUsed: 13800496,
      external: 1386238,
      arrayBuffers: 47844
    }
  },
  os: { loadavg: [ 0, 0, 0 ], uptime: 15864 },
  trace: [
    {
      column: 7,
      file: 'C:\\main\\RS node\\REST_Service\\src\\app.js',
      function: null,
      line: 34,
      method: null,
      native: false
    },
    {
      column: 30,
      file: 'internal/modules/cjs/loader.js',
      function: 'Module._compile',
      line: 1137,
      method: '_compile',
      native: false
    },
    {
      column: 10,
      file: 'internal/modules/cjs/loader.js',
      function: 'Module._extensions..js',
      line: 1157,
      method: '.js',
      native: false
    },
    {
      column: 32,
      file: 'internal/modules/cjs/loader.js',
      function: 'Module.load',
      line: 985,
      method: 'load',
      native: false
    },
    {
      column: 14,
      file: 'internal/modules/cjs/loader.js',
      function: 'Module._load',
      line: 878,
      method: '_load',
      native: false
    },
    {
      column: 19,
      file: 'internal/modules/cjs/loader.js',
      function: 'Module.require',
      line: 1025,
      method: 'require',
      native: false
    },
    {
      column: 18,
      file: 'internal/modules/cjs/helpers.js',
      function: 'require',
      line: 72,
      method: null,
      native: false
    },
    {
      column: 13,
      file: 'C:\\main\\RS node\\REST_Service\\src\\server.js',
      function: null,
      line: 2,
      method: null,
      native: false
    },
    {
      column: 30,
      file: 'internal/modules/cjs/loader.js',
      function: 'Module._compile',
      line: 1137,
      method: '_compile',
      native: false
    },
    {
      column: 10,
      file: 'internal/modules/cjs/loader.js',
      function: 'Module._extensions..js',
      line: 1157,
      method: '.js',
      native: false
    }
  ],
  timestamp: '2020-10-18 23:24:45.663'
}
{
  message: {
    type: 'uncaughtException',
    msg: 'Uncaught exception!',
    stack: Error: Uncaught exception!
        at Object.<anonymous> (C:\main\RS node\REST_Service\src\app.js:34:7)
        at Module._compile (internal/modules/cjs/loader.js:1137:30)
        at Object.Module._extensions..js (internal/modules/cjs/loader.js:1157:10)
        at Module.load (internal/modules/cjs/loader.js:985:32)
        at Function.Module._load (internal/modules/cjs/loader.js:878:14)
        at Module.require (internal/modules/cjs/loader.js:1025:19)
        at require (internal/modules/cjs/helpers.js:72:18)
        at Object.<anonymous> (C:\main\RS node\REST_Service\src\server.js:2:13)
        at Module._compile (internal/modules/cjs/loader.js:1137:30)
        at Object.Module._extensions..js (internal/modules/cjs/loader.js:1157:10)
  },
  level: 'error',
  timestamp: '2020-10-18 23:24:45.665'
}
{
    "message": {
        "type": "unhandledRejection",
        "msg": "Unhandled rejection!",
        "stack": "Error: Unhandled rejection!
    at Object.<anonymous> (C:\\main\\RS node\\REST_Service\\src\\app.js:35:16)
    at Module._compile (internal/modules/cjs/loader.js:1137:30)
    at Object.Module._extensions..js (internal/modules/cjs/loader.js:1157:10)
    at Module.load (internal/modules/cjs/loader.js:985:32)
    at Function.Module._load (internal/modules/cjs/loader.js:878:14)
    at Module.require (internal/modules/cjs/loader.js:1025:19)
    at require (internal/modules/cjs/helpers.js:72:18)
    at Object.<anonymous> (C:\\main\\RS node\\REST_Service\\src\\server.js:2:13)
    at Module._compile (internal/modules/cjs/loader.js:1137:30)
    at Object.Module._extensions..js (internal/modules/cjs/loader.js:1157:10)"
    },
    "level": "error",
    "timestamp": "2020-10-18T20:25:52.868Z"
}{
  message: {
    query: {},
    body: {},
    url: '/boards/32f49db9-9c9c-47d4-ba2d-b9de9e45a1bf/tasks/6502912b-547d-4bce-93c6-74e71362ccb6',
    method: 'GET',
    status: 404
  },
  level: 'error',
  timestamp: '2020-10-18 23:26:07.141'
}
{
  message: {
    query: {},
    body: {},
    url: '/boards/99cdb40d-a381-4baa-9e22-1d6a490f45c9',
    method: 'GET',
    status: 404
  },
  level: 'error',
  timestamp: '2020-10-18 23:26:07.147'
}
{
  message: {
    query: {},
    body: {},
    url: '/boards/6b06c556-b731-4ac0-bc13-f975b7e2a248/tasks/0c5e204d-6d48-4e2e-ae11-e2e20591986b',
    method: 'GET',
    status: 404
  },
  level: 'error',
  timestamp: '2020-10-18 23:26:07.171'
}
{
  message: {
    query: {},
    body: {},
    url: '/boards/6b06c556-b731-4ac0-bc13-f975b7e2a248/tasks/498b76b7-994c-462f-89fe-5d987cc88e27',
    method: 'GET',
    status: 404
  },
  level: 'error',
  timestamp: '2020-10-18 23:26:07.172'
}
{
  message: {
    query: {},
    body: {},
    url: '/boards/6b06c556-b731-4ac0-bc13-f975b7e2a248/tasks/243e15c0-cd25-4c5d-a808-9e9694a43136',
    method: 'GET',
    status: 404
  },
  level: 'error',
  timestamp: '2020-10-18 23:26:07.172'
}
{
  message: {
    query: {},
    body: {},
    url: '/boards/6b06c556-b731-4ac0-bc13-f975b7e2a248/tasks/f02e4a5c-13d7-45b7-88ff-5a833a9b8a74',
    method: 'GET',
    status: 404
  },
  level: 'error',
  timestamp: '2020-10-18 23:26:07.173'
}
{
  message: {
    query: {},
    body: {},
    url: '/boards/6b06c556-b731-4ac0-bc13-f975b7e2a248/tasks/8a0b268b-5042-46eb-b044-5b9957499bfd',
    method: 'GET',
    status: 404
  },
  level: 'error',
  timestamp: '2020-10-18 23:26:07.175'
}
