{
  error: Error: Oops!
      at Object.<anonymous> (C:\main\RS node\REST_Service\src\app.js:34:7)
      at Module._compile (internal/modules/cjs/loader.js:1137:30)
      at Object.Module._extensions..js (internal/modules/cjs/loader.js:1157:10)
      at Module.load (internal/modules/cjs/loader.js:985:32)
      at Function.Module._load (internal/modules/cjs/loader.js:878:14)
      at Module.require (internal/modules/cjs/loader.js:1025:19)
      at require (internal/modules/cjs/helpers.js:72:18)
      at Object.<anonymous> (C:\main\RS node\REST_Service\src\server.js:2:13)
      at Module._compile (internal/modules/cjs/loader.js:1137:30)
      at Object.Module._extensions..js (internal/modules/cjs/loader.js:1157:10),
  level: 'error',
  message: 'uncaughtException: Oops!\n' +
    'Error: Oops!\n' +
    '    at Object.<anonymous> (C:\\main\\RS node\\REST_Service\\src\\app.js:34:7)\n' +
    '    at Module._compile (internal/modules/cjs/loader.js:1137:30)\n' +
    '    at Object.Module._extensions..js (internal/modules/cjs/loader.js:1157:10)\n' +
    '    at Module.load (internal/modules/cjs/loader.js:985:32)\n' +
    '    at Function.Module._load (internal/modules/cjs/loader.js:878:14)\n' +
    '    at Module.require (internal/modules/cjs/loader.js:1025:19)\n' +
    '    at require (internal/modules/cjs/helpers.js:72:18)\n' +
    '    at Object.<anonymous> (C:\\main\\RS node\\REST_Service\\src\\server.js:2:13)\n' +
    '    at Module._compile (internal/modules/cjs/loader.js:1137:30)\n' +
    '    at Object.Module._extensions..js (internal/modules/cjs/loader.js:1157:10)',
  stack: 'Error: Oops!\n' +
    '    at Object.<anonymous> (C:\\main\\RS node\\REST_Service\\src\\app.js:34:7)\n' +
    '    at Module._compile (internal/modules/cjs/loader.js:1137:30)\n' +
    '    at Object.Module._extensions..js (internal/modules/cjs/loader.js:1157:10)\n' +
    '    at Module.load (internal/modules/cjs/loader.js:985:32)\n' +
    '    at Function.Module._load (internal/modules/cjs/loader.js:878:14)\n' +
    '    at Module.require (internal/modules/cjs/loader.js:1025:19)\n' +
    '    at require (internal/modules/cjs/helpers.js:72:18)\n' +
    '    at Object.<anonymous> (C:\\main\\RS node\\REST_Service\\src\\server.js:2:13)\n' +
    '    at Module._compile (internal/modules/cjs/loader.js:1137:30)\n' +
    '    at Object.Module._extensions..js (internal/modules/cjs/loader.js:1157:10)',
  exception: true,
  date: 'Sun Oct 18 2020 23:08:22 GMT+0300 (GMT+03:00)',
  process: {
    pid: 15640,
    uid: null,
    gid: null,
    cwd: 'C:\\main\\RS node\\REST_Service',
    execPath: 'C:\\Program Files\\nodejs\\node.exe',
    version: 'v12.18.4',
    argv: [
      'C:\\Program Files\\nodejs\\node.exe',
      'C:\\main\\RS node\\REST_Service\\src\\server.js'
    ],
    memoryUsage: {
      rss: 42479616,
      heapTotal: 20008960,
      heapUsed: 13958424,
      external: 1378046,
      arrayBuffers: 39652
    }
  },
  os: { loadavg: [ 0, 0, 0 ], uptime: 14881 },
  trace: [
    {
      column: 7,
      file: 'C:\\main\\RS node\\REST_Service\\src\\app.js',
      function: null,
      line: 34,
      method: null,
      native: false
    },
    {
      column: 30,
      file: 'internal/modules/cjs/loader.js',
      function: 'Module._compile',
      line: 1137,
      method: '_compile',
      native: false
    },
    {
      column: 10,
      file: 'internal/modules/cjs/loader.js',
      function: 'Module._extensions..js',
      line: 1157,
      method: '.js',
      native: false
    },
    {
      column: 32,
      file: 'internal/modules/cjs/loader.js',
      function: 'Module.load',
      line: 985,
      method: 'load',
      native: false
    },
    {
      column: 14,
      file: 'internal/modules/cjs/loader.js',
      function: 'Module._load',
      line: 878,
      method: '_load',
      native: false
    },
    {
      column: 19,
      file: 'internal/modules/cjs/loader.js',
      function: 'Module.require',
      line: 1025,
      method: 'require',
      native: false
    },
    {
      column: 18,
      file: 'internal/modules/cjs/helpers.js',
      function: 'require',
      line: 72,
      method: null,
      native: false
    },
    {
      column: 13,
      file: 'C:\\main\\RS node\\REST_Service\\src\\server.js',
      function: null,
      line: 2,
      method: null,
      native: false
    },
    {
      column: 30,
      file: 'internal/modules/cjs/loader.js',
      function: 'Module._compile',
      line: 1137,
      method: '_compile',
      native: false
    },
    {
      column: 10,
      file: 'internal/modules/cjs/loader.js',
      function: 'Module._extensions..js',
      line: 1157,
      method: '.js',
      native: false
    }
  ],
  timestamp: '2020-10-18 23:08:23.000'
}
{
  message: {
    type: 'uncaughtException',
    msg: 'Oops!',
    stack: Error: Oops!
        at Object.<anonymous> (C:\main\RS node\REST_Service\src\app.js:34:7)
        at Module._compile (internal/modules/cjs/loader.js:1137:30)
        at Object.Module._extensions..js (internal/modules/cjs/loader.js:1157:10)
        at Module.load (internal/modules/cjs/loader.js:985:32)
        at Function.Module._load (internal/modules/cjs/loader.js:878:14)
        at Module.require (internal/modules/cjs/loader.js:1025:19)
        at require (internal/modules/cjs/helpers.js:72:18)
        at Object.<anonymous> (C:\main\RS node\REST_Service\src\server.js:2:13)
        at Module._compile (internal/modules/cjs/loader.js:1137:30)
        at Object.Module._extensions..js (internal/modules/cjs/loader.js:1157:10)
  },
  level: 'error',
  timestamp: '2020-10-18 23:08:23.007'
}
{
  error: Error: Uncaught exception!
      at Object.<anonymous> (C:\main\RS node\REST_Service\src\app.js:34:7)
      at Module._compile (internal/modules/cjs/loader.js:1137:30)
      at Object.Module._extensions..js (internal/modules/cjs/loader.js:1157:10)
      at Module.load (internal/modules/cjs/loader.js:985:32)
      at Function.Module._load (internal/modules/cjs/loader.js:878:14)
      at Module.require (internal/modules/cjs/loader.js:1025:19)
      at require (internal/modules/cjs/helpers.js:72:18)
      at Object.<anonymous> (C:\main\RS node\REST_Service\src\server.js:2:13)
      at Module._compile (internal/modules/cjs/loader.js:1137:30)
      at Object.Module._extensions..js (internal/modules/cjs/loader.js:1157:10),
  level: 'error',
  message: 'uncaughtException: Uncaught exception!\n' +
    'Error: Uncaught exception!\n' +
    '    at Object.<anonymous> (C:\\main\\RS node\\REST_Service\\src\\app.js:34:7)\n' +
    '    at Module._compile (internal/modules/cjs/loader.js:1137:30)\n' +
    '    at Object.Module._extensions..js (internal/modules/cjs/loader.js:1157:10)\n' +
    '    at Module.load (internal/modules/cjs/loader.js:985:32)\n' +
    '    at Function.Module._load (internal/modules/cjs/loader.js:878:14)\n' +
    '    at Module.require (internal/modules/cjs/loader.js:1025:19)\n' +
    '    at require (internal/modules/cjs/helpers.js:72:18)\n' +
    '    at Object.<anonymous> (C:\\main\\RS node\\REST_Service\\src\\server.js:2:13)\n' +
    '    at Module._compile (internal/modules/cjs/loader.js:1137:30)\n' +
    '    at Object.Module._extensions..js (internal/modules/cjs/loader.js:1157:10)',
  stack: 'Error: Uncaught exception!\n' +
    '    at Object.<anonymous> (C:\\main\\RS node\\REST_Service\\src\\app.js:34:7)\n' +
    '    at Module._compile (internal/modules/cjs/loader.js:1137:30)\n' +
    '    at Object.Module._extensions..js (internal/modules/cjs/loader.js:1157:10)\n' +
    '    at Module.load (internal/modules/cjs/loader.js:985:32)\n' +
    '    at Function.Module._load (internal/modules/cjs/loader.js:878:14)\n' +
    '    at Module.require (internal/modules/cjs/loader.js:1025:19)\n' +
    '    at require (internal/modules/cjs/helpers.js:72:18)\n' +
    '    at Object.<anonymous> (C:\\main\\RS node\\REST_Service\\src\\server.js:2:13)\n' +
    '    at Module._compile (internal/modules/cjs/loader.js:1137:30)\n' +
    '    at Object.Module._extensions..js (internal/modules/cjs/loader.js:1157:10)',
  exception: true,
  date: 'Sun Oct 18 2020 23:11:36 GMT+0300 (GMT+03:00)',
  process: {
    pid: 3284,
    uid: null,
    gid: null,
    cwd: 'C:\\main\\RS node\\REST_Service',
    execPath: 'C:\\Program Files\\nodejs\\node.exe',
    version: 'v12.18.4',
    argv: [
      'C:\\Program Files\\nodejs\\node.exe',
      'C:\\main\\RS node\\REST_Service\\src\\server.js'
    ],
    memoryUsage: {
      rss: 42373120,
      heapTotal: 19746816,
      heapUsed: 13911504,
      external: 1378046,
      arrayBuffers: 39652
    }
  },
  os: { loadavg: [ 0, 0, 0 ], uptime: 15074 },
  trace: [
    {
      column: 7,
      file: 'C:\\main\\RS node\\REST_Service\\src\\app.js',
      function: null,
      line: 34,
      method: null,
      native: false
    },
    {
      column: 30,
      file: 'internal/modules/cjs/loader.js',
      function: 'Module._compile',
      line: 1137,
      method: '_compile',
      native: false
    },
    {
      column: 10,
      file: 'internal/modules/cjs/loader.js',
      function: 'Module._extensions..js',
      line: 1157,
      method: '.js',
      native: false
    },
    {
      column: 32,
      file: 'internal/modules/cjs/loader.js',
      function: 'Module.load',
      line: 985,
      method: 'load',
      native: false
    },
    {
      column: 14,
      file: 'internal/modules/cjs/loader.js',
      function: 'Module._load',
      line: 878,
      method: '_load',
      native: false
    },
    {
      column: 19,
      file: 'internal/modules/cjs/loader.js',
      function: 'Module.require',
      line: 1025,
      method: 'require',
      native: false
    },
    {
      column: 18,
      file: 'internal/modules/cjs/helpers.js',
      function: 'require',
      line: 72,
      method: null,
      native: false
    },
    {
      column: 13,
      file: 'C:\\main\\RS node\\REST_Service\\src\\server.js',
      function: null,
      line: 2,
      method: null,
      native: false
    },
    {
      column: 30,
      file: 'internal/modules/cjs/loader.js',
      function: 'Module._compile',
      line: 1137,
      method: '_compile',
      native: false
    },
    {
      column: 10,
      file: 'internal/modules/cjs/loader.js',
      function: 'Module._extensions..js',
      line: 1157,
      method: '.js',
      native: false
    }
  ],
  timestamp: '2020-10-18 23:11:36.367'
}
{
  message: {
    type: 'uncaughtException',
    msg: 'Uncaught exception!',
    stack: Error: Uncaught exception!
        at Object.<anonymous> (C:\main\RS node\REST_Service\src\app.js:34:7)
        at Module._compile (internal/modules/cjs/loader.js:1137:30)
        at Object.Module._extensions..js (internal/modules/cjs/loader.js:1157:10)
        at Module.load (internal/modules/cjs/loader.js:985:32)
        at Function.Module._load (internal/modules/cjs/loader.js:878:14)
        at Module.require (internal/modules/cjs/loader.js:1025:19)
        at require (internal/modules/cjs/helpers.js:72:18)
        at Object.<anonymous> (C:\main\RS node\REST_Service\src\server.js:2:13)
        at Module._compile (internal/modules/cjs/loader.js:1137:30)
        at Object.Module._extensions..js (internal/modules/cjs/loader.js:1157:10)
  },
  level: 'error',
  timestamp: '2020-10-18 23:11:36.375'
}
{
  error: Error: Uncaught exception!
      at Object.<anonymous> (C:\main\RS node\REST_Service\src\app.js:34:7)
      at Module._compile (internal/modules/cjs/loader.js:1137:30)
      at Object.Module._extensions..js (internal/modules/cjs/loader.js:1157:10)
      at Module.load (internal/modules/cjs/loader.js:985:32)
      at Function.Module._load (internal/modules/cjs/loader.js:878:14)
      at Module.require (internal/modules/cjs/loader.js:1025:19)
      at require (internal/modules/cjs/helpers.js:72:18)
      at Object.<anonymous> (C:\main\RS node\REST_Service\src\server.js:2:13)
      at Module._compile (internal/modules/cjs/loader.js:1137:30)
      at Object.Module._extensions..js (internal/modules/cjs/loader.js:1157:10),
  level: 'error',
  message: 'uncaughtException: Uncaught exception!\n' +
    'Error: Uncaught exception!\n' +
    '    at Object.<anonymous> (C:\\main\\RS node\\REST_Service\\src\\app.js:34:7)\n' +
    '    at Module._compile (internal/modules/cjs/loader.js:1137:30)\n' +
    '    at Object.Module._extensions..js (internal/modules/cjs/loader.js:1157:10)\n' +
    '    at Module.load (internal/modules/cjs/loader.js:985:32)\n' +
    '    at Function.Module._load (internal/modules/cjs/loader.js:878:14)\n' +
    '    at Module.require (internal/modules/cjs/loader.js:1025:19)\n' +
    '    at require (internal/modules/cjs/helpers.js:72:18)\n' +
    '    at Object.<anonymous> (C:\\main\\RS node\\REST_Service\\src\\server.js:2:13)\n' +
    '    at Module._compile (internal/modules/cjs/loader.js:1137:30)\n' +
    '    at Object.Module._extensions..js (internal/modules/cjs/loader.js:1157:10)',
  stack: 'Error: Uncaught exception!\n' +
    '    at Object.<anonymous> (C:\\main\\RS node\\REST_Service\\src\\app.js:34:7)\n' +
    '    at Module._compile (internal/modules/cjs/loader.js:1137:30)\n' +
    '    at Object.Module._extensions..js (internal/modules/cjs/loader.js:1157:10)\n' +
    '    at Module.load (internal/modules/cjs/loader.js:985:32)\n' +
    '    at Function.Module._load (internal/modules/cjs/loader.js:878:14)\n' +
    '    at Module.require (internal/modules/cjs/loader.js:1025:19)\n' +
    '    at require (internal/modules/cjs/helpers.js:72:18)\n' +
    '    at Object.<anonymous> (C:\\main\\RS node\\REST_Service\\src\\server.js:2:13)\n' +
    '    at Module._compile (internal/modules/cjs/loader.js:1137:30)\n' +
    '    at Object.Module._extensions..js (internal/modules/cjs/loader.js:1157:10)',
  exception: true,
  date: 'Sun Oct 18 2020 23:11:57 GMT+0300 (GMT+03:00)',
  process: {
    pid: 10548,
    uid: null,
    gid: null,
    cwd: 'C:\\main\\RS node\\REST_Service',
    execPath: 'C:\\Program Files\\nodejs\\node.exe',
    version: 'v12.18.4',
    argv: [
      'C:\\Program Files\\nodejs\\node.exe',
      'C:\\main\\RS node\\REST_Service\\src\\server.js'
    ],
    memoryUsage: {
      rss: 42741760,
      heapTotal: 20008960,
      heapUsed: 13872088,
      external: 1386238,
      arrayBuffers: 47844
    }
  },
  os: { loadavg: [ 0, 0, 0 ], uptime: 15095 },
  trace: [
    {
      column: 7,
      file: 'C:\\main\\RS node\\REST_Service\\src\\app.js',
      function: null,
      line: 34,
      method: null,
      native: false
    },
    {
      column: 30,
      file: 'internal/modules/cjs/loader.js',
      function: 'Module._compile',
      line: 1137,
      method: '_compile',
      native: false
    },
    {
      column: 10,
      file: 'internal/modules/cjs/loader.js',
      function: 'Module._extensions..js',
      line: 1157,
      method: '.js',
      native: false
    },
    {
      column: 32,
      file: 'internal/modules/cjs/loader.js',
      function: 'Module.load',
      line: 985,
      method: 'load',
      native: false
    },
    {
      column: 14,
      file: 'internal/modules/cjs/loader.js',
      function: 'Module._load',
      line: 878,
      method: '_load',
      native: false
    },
    {
      column: 19,
      file: 'internal/modules/cjs/loader.js',
      function: 'Module.require',
      line: 1025,
      method: 'require',
      native: false
    },
    {
      column: 18,
      file: 'internal/modules/cjs/helpers.js',
      function: 'require',
      line: 72,
      method: null,
      native: false
    },
    {
      column: 13,
      file: 'C:\\main\\RS node\\REST_Service\\src\\server.js',
      function: null,
      line: 2,
      method: null,
      native: false
    },
    {
      column: 30,
      file: 'internal/modules/cjs/loader.js',
      function: 'Module._compile',
      line: 1137,
      method: '_compile',
      native: false
    },
    {
      column: 10,
      file: 'internal/modules/cjs/loader.js',
      function: 'Module._extensions..js',
      line: 1157,
      method: '.js',
      native: false
    }
  ],
  timestamp: '2020-10-18 23:11:57.291'
}
{
  message: {
    type: 'uncaughtException',
    msg: 'Uncaught exception!',
    stack: Error: Uncaught exception!
        at Object.<anonymous> (C:\main\RS node\REST_Service\src\app.js:34:7)
        at Module._compile (internal/modules/cjs/loader.js:1137:30)
        at Object.Module._extensions..js (internal/modules/cjs/loader.js:1157:10)
        at Module.load (internal/modules/cjs/loader.js:985:32)
        at Function.Module._load (internal/modules/cjs/loader.js:878:14)
        at Module.require (internal/modules/cjs/loader.js:1025:19)
        at require (internal/modules/cjs/helpers.js:72:18)
        at Object.<anonymous> (C:\main\RS node\REST_Service\src\server.js:2:13)
        at Module._compile (internal/modules/cjs/loader.js:1137:30)
        at Object.Module._extensions..js (internal/modules/cjs/loader.js:1157:10)
  },
  level: 'error',
  timestamp: '2020-10-18 23:11:57.296'
}
{
  message: {
    query: {},
    body: {
      title: 'Autotest board',
      columns: [ { title: 'Backlog', order: 1 }, { title: 'Sprint', order: 2 } ]
    },
    url: '/boards',
    method: 'POST',
    status: 200
  },
  level: 'info',
  timestamp: '2020-10-18 23:13:54.066'
}
{
  message: {
    query: {},
    body: {
      title: 'Autotest board',
      columns: [ { title: 'Backlog', order: 1 }, { title: 'Sprint', order: 2 } ]
    },
    url: '/boards',
    method: 'POST',
    status: 200
  },
  level: 'info',
  timestamp: '2020-10-18 23:13:54.071'
}
{
  message: { query: {}, body: {}, url: '/users', method: 'GET', status: 200 },
  level: 'info',
  timestamp: '2020-10-18 23:13:54.072'
}
{
  message: {
    query: {},
    body: {
      title: 'Autotest task',
      order: 0,
      description: 'Lorem ipsum',
      userId: null,
      boardId: null,
      columnId: null
    },
    url: '/boards/4504ed00-35b7-4ae7-9c63-5f1d904b1159/tasks',
    method: 'POST',
    status: 200
  },
  level: 'info',
  timestamp: '2020-10-18 23:13:54.074'
}
{
  message: {
    query: {},
    body: {},
    url: '/boards/4504ed00-35b7-4ae7-9c63-5f1d904b1159/tasks',
    method: 'GET',
    status: 200
  },
  level: 'info',
  timestamp: '2020-10-18 23:13:54.076'
}
{
  message: { query: {}, body: {}, url: '/boards', method: 'GET', status: 200 },
  level: 'info',
  timestamp: '2020-10-18 23:13:54.077'
}
{
  message: {
    query: {},
    body: {
      name: 'TEST_USER',
      login: 'test_user',
      password: 'T35t_P@55w0rd'
    },
    url: '/users',
    method: 'POST',
    status: 200
  },
  level: 'info',
  timestamp: '2020-10-18 23:13:54.080'
}
{
  message: {
    query: {},
    body: {},
    url: '/boards/4504ed00-35b7-4ae7-9c63-5f1d904b1159/tasks',
    method: 'GET',
    status: 200
  },
  level: 'info',
  timestamp: '2020-10-18 23:13:54.081'
}
{
  message: {
    query: {},
    body: {},
    url: '/users/8ff3976e-76be-46b8-a288-3d66c6ee7809',
    method: 'GET',
    status: 200
  },
  level: 'info',
  timestamp: '2020-10-18 23:13:54.082'
}
{
  message: { query: {}, body: {}, url: '/boards', method: 'GET', status: 200 },
  level: 'info',
  timestamp: '2020-10-18 23:13:54.083'
}
{
  message: {
    query: {},
    body: {},
    url: '/boards/4504ed00-35b7-4ae7-9c63-5f1d904b1159/tasks/742f61d2-6c80-4038-ac8a-f445f29adf5b',
    method: 'GET',
    status: 200
  },
  level: 'info',
  timestamp: '2020-10-18 23:13:54.084'
}
{
  message: {
    query: {},
    body: {},
    url: '/boards/4504ed00-35b7-4ae7-9c63-5f1d904b1159',
    method: 'GET',
    status: 200
  },
  level: 'info',
  timestamp: '2020-10-18 23:13:54.087'
}
{
  message: {
    query: {},
    body: {},
    url: '/users/8ff3976e-76be-46b8-a288-3d66c6ee7809',
    method: 'DELETE',
    status: 204
  },
  level: 'info',
  timestamp: '2020-10-18 23:13:54.087'
}
{
  message: {
    query: {},
    body: {
      title: 'Autotest task',
      order: 0,
      description: 'Lorem ipsum',
      userId: null,
      boardId: null,
      columnId: null
    },
    url: '/boards/4504ed00-35b7-4ae7-9c63-5f1d904b1159/tasks',
    method: 'POST',
    status: 200
  },
  level: 'info',
  timestamp: '2020-10-18 23:13:54.088'
}
{
  message: {
    query: {},
    body: {
      name: 'TEST_USER',
      login: 'test_user',
      password: 'T35t_P@55w0rd'
    },
    url: '/users',
    method: 'POST',
    status: 200
  },
  level: 'info',
  timestamp: '2020-10-18 23:13:54.089'
}
{
  message: {
    query: {},
    body: {
      title: 'Autotest board',
      columns: [ { title: 'Backlog', order: 1 }, { title: 'Sprint', order: 2 } ]
    },
    url: '/boards',
    method: 'POST',
    status: 200
  },
  level: 'info',
  timestamp: '2020-10-18 23:13:54.090'
}
{
  message: {
    query: {},
    body: {},
    url: '/boards/4504ed00-35b7-4ae7-9c63-5f1d904b1159/tasks/50af346a-da0a-46b3-9db4-6fc71bf7c2cc',
    method: 'DELETE',
    status: 204
  },
  level: 'info',
  timestamp: '2020-10-18 23:13:54.091'
}
{
  message: {
    query: {},
    body: {},
    url: '/users/7a0e9443-7a4b-4b13-a3fc-1da326d3fd24',
    method: 'DELETE',
    status: 204
  },
  level: 'info',
  timestamp: '2020-10-18 23:13:54.093'
}
{
  message: {
    query: {},
    body: {},
    url: '/boards/51543f20-b0f2-4edb-9582-2998994cf95d',
    method: 'DELETE',
    status: 204
  },
  level: 'info',
  timestamp: '2020-10-18 23:13:54.094'
}
{
  message: {
    query: {},
    body: {
      title: 'Autotest task',
      order: 0,
      description: 'Lorem ipsum',
      userId: null,
      boardId: null,
      columnId: null
    },
    url: '/boards/4504ed00-35b7-4ae7-9c63-5f1d904b1159/tasks',
    method: 'POST',
    status: 200
  },
  level: 'info',
  timestamp: '2020-10-18 23:13:54.095'
}
{
  message: {
    query: {},
    body: {
      name: 'TEST_USER',
      login: 'test_user',
      password: 'T35t_P@55w0rd'
    },
    url: '/users',
    method: 'POST',
    status: 200
  },
  level: 'info',
  timestamp: '2020-10-18 23:13:54.096'
}
{
  message: {
    query: {},
    body: {
      title: 'Autotest board',
      columns: [ { title: 'Backlog', order: 1 }, { title: 'Sprint', order: 2 } ]
    },
    url: '/boards',
    method: 'POST',
    status: 200
  },
  level: 'info',
  timestamp: '2020-10-18 23:13:54.097'
}
{
  message: {
    query: {},
    body: {
      id: '0f004ff9-e5fc-43f0-983f-4eed31fec13e',
      title: 'Autotest updated task',
      order: 0,
      description: 'Lorem ipsum',
      userId: null,
      boardId: '4504ed00-35b7-4ae7-9c63-5f1d904b1159',
      columnId: null
    },
    url: '/boards/4504ed00-35b7-4ae7-9c63-5f1d904b1159/tasks/0f004ff9-e5fc-43f0-983f-4eed31fec13e',
    method: 'PUT',
    status: 200
  },
  level: 'info',
  timestamp: '2020-10-18 23:13:54.098'
}
{
  message: {
    query: {},
    body: {
      name: 'Autotest updated TEST_USER',
      login: 'test_user',
      password: 'T35t_P@55w0rd',
      id: 'e671ee2c-d8cd-4d7a-a627-cf6f6e8f0167'
    },
    url: '/users/e671ee2c-d8cd-4d7a-a627-cf6f6e8f0167',
    method: 'PUT',
    status: 200
  },
  level: 'info',
  timestamp: '2020-10-18 23:13:54.099'
}
{
  message: {
    query: {},
    body: {
      id: '55cee9cd-6abb-4aa9-a1ec-47c4082e778f',
      title: 'Autotest updated board',
      columns: [
        {
          id: '2aa38a25-5f16-4d83-a396-77cdcab30830',
          title: 'Backlog',
          order: 1
        },
        {
          id: '70caa224-19cd-4916-89d1-558de5b72801',
          title: 'Sprint',
          order: 2
        }
      ]
    },
    url: '/boards/55cee9cd-6abb-4aa9-a1ec-47c4082e778f',
    method: 'PUT',
    status: 200
  },
  level: 'info',
  timestamp: '2020-10-18 23:13:54.100'
}
{
  message: {
    query: {},
    body: {},
    url: '/boards/4504ed00-35b7-4ae7-9c63-5f1d904b1159/tasks/0f004ff9-e5fc-43f0-983f-4eed31fec13e',
    method: 'GET',
    status: 200
  },
  level: 'info',
  timestamp: '2020-10-18 23:13:54.101'
}
{
  message: {
    query: {},
    body: {},
    url: '/users/e671ee2c-d8cd-4d7a-a627-cf6f6e8f0167',
    method: 'GET',
    status: 200
  },
  level: 'info',
  timestamp: '2020-10-18 23:13:54.101'
}
{
  message: {
    query: {},
    body: {},
    url: '/boards/55cee9cd-6abb-4aa9-a1ec-47c4082e778f',
    method: 'GET',
    status: 200
  },
  level: 'info',
  timestamp: '2020-10-18 23:13:54.102'
}
{
  message: {
    query: {},
    body: {},
    url: '/boards/4504ed00-35b7-4ae7-9c63-5f1d904b1159/tasks/742f61d2-6c80-4038-ac8a-f445f29adf5b',
    method: 'GET',
    status: 200
  },
  level: 'info',
  timestamp: '2020-10-18 23:13:54.103'
}
{
  message: {
    query: {},
    body: {},
    url: '/users/e671ee2c-d8cd-4d7a-a627-cf6f6e8f0167',
    method: 'DELETE',
    status: 204
  },
  level: 'info',
  timestamp: '2020-10-18 23:13:54.104'
}
{
  message: {
    query: {},
    body: {},
    url: '/boards/55cee9cd-6abb-4aa9-a1ec-47c4082e778f',
    method: 'DELETE',
    status: 204
  },
  level: 'info',
  timestamp: '2020-10-18 23:13:54.106'
}
{
  message: {
    query: {},
    body: {},
    url: '/boards/4504ed00-35b7-4ae7-9c63-5f1d904b1159/tasks/742f61d2-6c80-4038-ac8a-f445f29adf5b',
    method: 'DELETE',
    status: 204
  },
  level: 'info',
  timestamp: '2020-10-18 23:13:54.107'
}
{
  message: {
    query: {},
    body: {
      name: 'TEST_USER',
      login: 'test_user',
      password: 'T35t_P@55w0rd'
    },
    url: '/users',
    method: 'POST',
    status: 200
  },
  level: 'info',
  timestamp: '2020-10-18 23:13:54.107'
}
{
  message: {
    query: {},
    body: {
      title: 'Autotest board',
      columns: [ { title: 'Backlog', order: 1 }, { title: 'Sprint', order: 2 } ]
    },
    url: '/boards',
    method: 'POST',
    status: 200
  },
  level: 'info',
  timestamp: '2020-10-18 23:13:54.109'
}
{
  message: {
    query: {},
    body: {},
    url: '/boards/4504ed00-35b7-4ae7-9c63-5f1d904b1159/tasks/742f61d2-6c80-4038-ac8a-f445f29adf5b',
    method: 'GET',
    status: 404
  },
  level: 'error',
  timestamp: '2020-10-18 23:13:54.110'
}
{
  message: {
    query: {},
    body: {},
    url: '/users/2083c511-7410-4a6b-8ec3-d7a24bf8b075',
    method: 'DELETE',
    status: 204
  },
  level: 'info',
  timestamp: '2020-10-18 23:13:54.111'
}
{
  message: {
    query: {},
    body: {},
    url: '/boards/cef6907f-9e82-40fc-9fa9-454d74b37c8d',
    method: 'DELETE',
    status: 204
  },
  level: 'info',
  timestamp: '2020-10-18 23:13:54.113'
}
{
  message: {
    query: {},
    body: {},
    url: '/boards/4504ed00-35b7-4ae7-9c63-5f1d904b1159',
    method: 'DELETE',
    status: 204
  },
  level: 'info',
  timestamp: '2020-10-18 23:13:54.113'
}
{
  message: {
    query: {},
    body: {
      name: 'TEST_USER',
      login: 'test_user',
      password: 'T35t_P@55w0rd'
    },
    url: '/users',
    method: 'POST',
    status: 200
  },
  level: 'info',
  timestamp: '2020-10-18 23:13:54.114'
}
{
  message: {
    query: {},
    body: {},
    url: '/boards/cef6907f-9e82-40fc-9fa9-454d74b37c8d',
    method: 'GET',
    status: 404
  },
  level: 'error',
  timestamp: '2020-10-18 23:13:54.115'
}
{
  message: {
    query: {},
    body: {
      title: 'Autotest board',
      columns: [ { title: 'Backlog', order: 1 }, { title: 'Sprint', order: 2 } ]
    },
    url: '/boards',
    method: 'POST',
    status: 200
  },
  level: 'info',
  timestamp: '2020-10-18 23:13:54.116'
}
{
  message: {
    query: {},
    body: {
      title: 'Autotest board',
      columns: [ { title: 'Backlog', order: 1 }, { title: 'Sprint', order: 2 } ]
    },
    url: '/boards',
    method: 'POST',
    status: 200
  },
  level: 'info',
  timestamp: '2020-10-18 23:13:54.117'
}
{
  message: {
    query: {},
    body: {
      title: 'Task #1',
      order: 1,
      description: 'Lorem ipsum',
      userId: '78339fba-ccd2-4d8e-8cfc-017749c836fc',
      boardId: '38e3a4a6-366f-494d-92d6-a78d78ee363a'
    },
    url: '/boards/38e3a4a6-366f-494d-92d6-a78d78ee363a/tasks',
    method: 'POST',
    status: 200
  },
  level: 'info',
  timestamp: '2020-10-18 23:13:54.118'
}
{
  message: {
    query: {},
    body: {
      title: 'Task #2',
      order: 2,
      description: 'Lorem ipsum',
      userId: '78339fba-ccd2-4d8e-8cfc-017749c836fc',
      boardId: '38e3a4a6-366f-494d-92d6-a78d78ee363a'
    },
    url: '/boards/38e3a4a6-366f-494d-92d6-a78d78ee363a/tasks',
    method: 'POST',
    status: 200
  },
  level: 'info',
  timestamp: '2020-10-18 23:13:54.118'
}
{
  message: {
    query: {},
    body: {
      title: 'Task #1',
      order: 1,
      description: 'Lorem ipsum',
      boardId: '068285de-7b7f-4f4d-95ab-163aa9a85a95',
      userId: null,
      columnId: null
    },
    url: '/boards/068285de-7b7f-4f4d-95ab-163aa9a85a95/tasks',
    method: 'POST',
    status: 200
  },
  level: 'info',
  timestamp: '2020-10-18 23:13:54.120'
}
{
  message: {
    query: {},
    body: {
      title: 'Task #2',
      order: 2,
      description: 'Lorem ipsum',
      boardId: '068285de-7b7f-4f4d-95ab-163aa9a85a95',
      userId: null,
      columnId: null
    },
    url: '/boards/068285de-7b7f-4f4d-95ab-163aa9a85a95/tasks',
    method: 'POST',
    status: 200
  },
  level: 'info',
  timestamp: '2020-10-18 23:13:54.121'
}
{
  message: {
    query: {},
    body: {
      title: 'Task #3',
      order: 3,
      description: 'Lorem ipsum',
      boardId: '068285de-7b7f-4f4d-95ab-163aa9a85a95',
      userId: null,
      columnId: null
    },
    url: '/boards/068285de-7b7f-4f4d-95ab-163aa9a85a95/tasks',
    method: 'POST',
    status: 200
  },
  level: 'info',
  timestamp: '2020-10-18 23:13:54.121'
}
{
  message: {
    query: {},
    body: {
      title: 'Task #4',
      order: 4,
      description: 'Lorem ipsum',
      boardId: '068285de-7b7f-4f4d-95ab-163aa9a85a95',
      userId: null,
      columnId: null
    },
    url: '/boards/068285de-7b7f-4f4d-95ab-163aa9a85a95/tasks',
    method: 'POST',
    status: 200
  },
  level: 'info',
  timestamp: '2020-10-18 23:13:54.122'
}
{
  message: {
    query: {},
    body: {
      title: 'Task #5',
      order: 5,
      description: 'Lorem ipsum',
      boardId: '068285de-7b7f-4f4d-95ab-163aa9a85a95',
      userId: null,
      columnId: null
    },
    url: '/boards/068285de-7b7f-4f4d-95ab-163aa9a85a95/tasks',
    method: 'POST',
    status: 200
  },
  level: 'info',
  timestamp: '2020-10-18 23:13:54.123'
}
{
  message: {
    query: {},
    body: {},
    url: '/users/78339fba-ccd2-4d8e-8cfc-017749c836fc',
    method: 'DELETE',
    status: 204
  },
  level: 'info',
  timestamp: '2020-10-18 23:13:54.124'
}
{
  message: {
    query: {},
    body: {},
    url: '/boards/38e3a4a6-366f-494d-92d6-a78d78ee363a/tasks/e69660bc-b53d-4104-b626-d1a49fd05ca1',
    method: 'GET',
    status: 200
  },
  level: 'info',
  timestamp: '2020-10-18 23:13:54.125'
}
{
  message: {
    query: {},
    body: {},
    url: '/boards/068285de-7b7f-4f4d-95ab-163aa9a85a95/tasks/998a69e6-5a02-4e3c-a1a7-69d4a2244942',
    method: 'GET',
    status: 200
  },
  level: 'info',
  timestamp: '2020-10-18 23:13:54.126'
}
{
  message: {
    query: {},
    body: {},
    url: '/boards/068285de-7b7f-4f4d-95ab-163aa9a85a95/tasks/3b6e3591-d350-4b8e-a842-a6b84bda9eda',
    method: 'GET',
    status: 200
  },
  level: 'info',
  timestamp: '2020-10-18 23:13:54.127'
}
{
  message: {
    query: {},
    body: {},
    url: '/boards/068285de-7b7f-4f4d-95ab-163aa9a85a95/tasks/8ab3a696-57ab-4ce9-9b7a-803b7a68b3a2',
    method: 'GET',
    status: 200
  },
  level: 'info',
  timestamp: '2020-10-18 23:13:54.128'
}
{
  message: {
    query: {},
    body: {},
    url: '/boards/068285de-7b7f-4f4d-95ab-163aa9a85a95/tasks/da59f288-955c-45a2-acef-a3dbc68dc4d4',
    method: 'GET',
    status: 200
  },
  level: 'info',
  timestamp: '2020-10-18 23:13:54.129'
}
{
  message: {
    query: {},
    body: {},
    url: '/boards/068285de-7b7f-4f4d-95ab-163aa9a85a95/tasks/1d4624c4-ffa2-4bc0-bffb-9acadfe0d3e5',
    method: 'GET',
    status: 200
  },
  level: 'info',
  timestamp: '2020-10-18 23:13:54.129'
}
{
  message: {
    query: {},
    body: {},
    url: '/boards/38e3a4a6-366f-494d-92d6-a78d78ee363a/tasks/1bcb5c92-fc5d-4e05-96c4-f50e2a06478e',
    method: 'GET',
    status: 200
  },
  level: 'info',
  timestamp: '2020-10-18 23:13:54.130'
}
{
  message: {
    query: {},
    body: {},
    url: '/boards/068285de-7b7f-4f4d-95ab-163aa9a85a95',
    method: 'DELETE',
    status: 204
  },
  level: 'info',
  timestamp: '2020-10-18 23:13:54.131'
}
{
  message: {
    query: {},
    body: {},
    url: '/boards/38e3a4a6-366f-494d-92d6-a78d78ee363a/tasks/e69660bc-b53d-4104-b626-d1a49fd05ca1',
    method: 'DELETE',
    status: 204
  },
  level: 'info',
  timestamp: '2020-10-18 23:13:54.132'
}
{
  message: {
    query: {},
    body: {},
    url: '/boards/38e3a4a6-366f-494d-92d6-a78d78ee363a/tasks/1bcb5c92-fc5d-4e05-96c4-f50e2a06478e',
    method: 'DELETE',
    status: 204
  },
  level: 'info',
  timestamp: '2020-10-18 23:13:54.133'
}
{
  message: {
    query: {},
    body: {},
    url: '/boards/068285de-7b7f-4f4d-95ab-163aa9a85a95/tasks/3b6e3591-d350-4b8e-a842-a6b84bda9eda',
    method: 'GET',
    status: 404
  },
  level: 'error',
  timestamp: '2020-10-18 23:13:54.134'
}
{
  message: {
    query: {},
    body: {},
    url: '/boards/068285de-7b7f-4f4d-95ab-163aa9a85a95/tasks/998a69e6-5a02-4e3c-a1a7-69d4a2244942',
    method: 'GET',
    status: 404
  },
  level: 'error',
  timestamp: '2020-10-18 23:13:54.135'
}
{
  message: {
    query: {},
    body: {},
    url: '/boards/068285de-7b7f-4f4d-95ab-163aa9a85a95/tasks/8ab3a696-57ab-4ce9-9b7a-803b7a68b3a2',
    method: 'GET',
    status: 404
  },
  level: 'error',
  timestamp: '2020-10-18 23:13:54.136'
}
{
  message: {
    query: {},
    body: {},
    url: '/boards/068285de-7b7f-4f4d-95ab-163aa9a85a95/tasks/da59f288-955c-45a2-acef-a3dbc68dc4d4',
    method: 'GET',
    status: 404
  },
  level: 'error',
  timestamp: '2020-10-18 23:13:54.137'
}
{
  message: {
    query: {},
    body: {},
    url: '/boards/068285de-7b7f-4f4d-95ab-163aa9a85a95/tasks/1d4624c4-ffa2-4bc0-bffb-9acadfe0d3e5',
    method: 'GET',
    status: 404
  },
  level: 'error',
  timestamp: '2020-10-18 23:13:54.137'
}
{
  message: {
    query: {},
    body: {},
    url: '/boards/38e3a4a6-366f-494d-92d6-a78d78ee363a',
    method: 'DELETE',
    status: 204
  },
  level: 'info',
  timestamp: '2020-10-18 23:13:54.141'
}
{
  message: {
    query: {},
    body: {},
    url: '/boards/ecffde61-16cd-4915-8bf8-facd143eaa86',
    method: 'DELETE',
    status: 204
  },
  level: 'info',
  timestamp: '2020-10-18 23:13:54.144'
}
{
  error: Error: Uncaught exception!
      at Object.<anonymous> (C:\main\RS node\REST_Service\src\app.js:34:7)
      at Module._compile (internal/modules/cjs/loader.js:1137:30)
      at Object.Module._extensions..js (internal/modules/cjs/loader.js:1157:10)
      at Module.load (internal/modules/cjs/loader.js:985:32)
      at Function.Module._load (internal/modules/cjs/loader.js:878:14)
      at Module.require (internal/modules/cjs/loader.js:1025:19)
      at require (internal/modules/cjs/helpers.js:72:18)
      at Object.<anonymous> (C:\main\RS node\REST_Service\src\server.js:2:13)
      at Module._compile (internal/modules/cjs/loader.js:1137:30)
      at Object.Module._extensions..js (internal/modules/cjs/loader.js:1157:10),
  level: 'error',
  message: 'uncaughtException: Uncaught exception!\n' +
    'Error: Uncaught exception!\n' +
    '    at Object.<anonymous> (C:\\main\\RS node\\REST_Service\\src\\app.js:34:7)\n' +
    '    at Module._compile (internal/modules/cjs/loader.js:1137:30)\n' +
    '    at Object.Module._extensions..js (internal/modules/cjs/loader.js:1157:10)\n' +
    '    at Module.load (internal/modules/cjs/loader.js:985:32)\n' +
    '    at Function.Module._load (internal/modules/cjs/loader.js:878:14)\n' +
    '    at Module.require (internal/modules/cjs/loader.js:1025:19)\n' +
    '    at require (internal/modules/cjs/helpers.js:72:18)\n' +
    '    at Object.<anonymous> (C:\\main\\RS node\\REST_Service\\src\\server.js:2:13)\n' +
    '    at Module._compile (internal/modules/cjs/loader.js:1137:30)\n' +
    '    at Object.Module._extensions..js (internal/modules/cjs/loader.js:1157:10)',
  stack: 'Error: Uncaught exception!\n' +
    '    at Object.<anonymous> (C:\\main\\RS node\\REST_Service\\src\\app.js:34:7)\n' +
    '    at Module._compile (internal/modules/cjs/loader.js:1137:30)\n' +
    '    at Object.Module._extensions..js (internal/modules/cjs/loader.js:1157:10)\n' +
    '    at Module.load (internal/modules/cjs/loader.js:985:32)\n' +
    '    at Function.Module._load (internal/modules/cjs/loader.js:878:14)\n' +
    '    at Module.require (internal/modules/cjs/loader.js:1025:19)\n' +
    '    at require (internal/modules/cjs/helpers.js:72:18)\n' +
    '    at Object.<anonymous> (C:\\main\\RS node\\REST_Service\\src\\server.js:2:13)\n' +
    '    at Module._compile (internal/modules/cjs/loader.js:1137:30)\n' +
    '    at Object.Module._extensions..js (internal/modules/cjs/loader.js:1157:10)',
  exception: true,
  date: 'Sun Oct 18 2020 23:15:45 GMT+0300 (GMT+03:00)',
  process: {
    pid: 6908,
    uid: null,
    gid: null,
    cwd: 'C:\\main\\RS node\\REST_Service',
    execPath: 'C:\\Program Files\\nodejs\\node.exe',
    version: 'v12.18.4',
    argv: [
      'C:\\Program Files\\nodejs\\node.exe',
      'C:\\main\\RS node\\REST_Service\\src\\server.js'
    ],
    memoryUsage: {
      rss: 42520576,
      heapTotal: 20008960,
      heapUsed: 13815824,
      external: 1386238,
      arrayBuffers: 47844
    }
  },
  os: { loadavg: [ 0, 0, 0 ], uptime: 15323 },
  trace: [
    {
      column: 7,
      file: 'C:\\main\\RS node\\REST_Service\\src\\app.js',
      function: null,
      line: 34,
      method: null,
      native: false
    },
    {
      column: 30,
      file: 'internal/modules/cjs/loader.js',
      function: 'Module._compile',
      line: 1137,
      method: '_compile',
      native: false
    },
    {
      column: 10,
      file: 'internal/modules/cjs/loader.js',
      function: 'Module._extensions..js',
      line: 1157,
      method: '.js',
      native: false
    },
    {
      column: 32,
      file: 'internal/modules/cjs/loader.js',
      function: 'Module.load',
      line: 985,
      method: 'load',
      native: false
    },
    {
      column: 14,
      file: 'internal/modules/cjs/loader.js',
      function: 'Module._load',
      line: 878,
      method: '_load',
      native: false
    },
    {
      column: 19,
      file: 'internal/modules/cjs/loader.js',
      function: 'Module.require',
      line: 1025,
      method: 'require',
      native: false
    },
    {
      column: 18,
      file: 'internal/modules/cjs/helpers.js',
      function: 'require',
      line: 72,
      method: null,
      native: false
    },
    {
      column: 13,
      file: 'C:\\main\\RS node\\REST_Service\\src\\server.js',
      function: null,
      line: 2,
      method: null,
      native: false
    },
    {
      column: 30,
      file: 'internal/modules/cjs/loader.js',
      function: 'Module._compile',
      line: 1137,
      method: '_compile',
      native: false
    },
    {
      column: 10,
      file: 'internal/modules/cjs/loader.js',
      function: 'Module._extensions..js',
      line: 1157,
      method: '.js',
      native: false
    }
  ],
  timestamp: '2020-10-18 23:15:45.315'
}
{
  message: {
    type: 'uncaughtException',
    msg: 'Uncaught exception!',
    stack: Error: Uncaught exception!
        at Object.<anonymous> (C:\main\RS node\REST_Service\src\app.js:34:7)
        at Module._compile (internal/modules/cjs/loader.js:1137:30)
        at Object.Module._extensions..js (internal/modules/cjs/loader.js:1157:10)
        at Module.load (internal/modules/cjs/loader.js:985:32)
        at Function.Module._load (internal/modules/cjs/loader.js:878:14)
        at Module.require (internal/modules/cjs/loader.js:1025:19)
        at require (internal/modules/cjs/helpers.js:72:18)
        at Object.<anonymous> (C:\main\RS node\REST_Service\src\server.js:2:13)
        at Module._compile (internal/modules/cjs/loader.js:1137:30)
        at Object.Module._extensions..js (internal/modules/cjs/loader.js:1157:10)
  },
  level: 'error',
  timestamp: '2020-10-18 23:15:45.320'
}
{
  error: Error: Uncaught exception!
      at Object.<anonymous> (C:\main\RS node\REST_Service\src\app.js:34:7)
      at Module._compile (internal/modules/cjs/loader.js:1137:30)
      at Object.Module._extensions..js (internal/modules/cjs/loader.js:1157:10)
      at Module.load (internal/modules/cjs/loader.js:985:32)
      at Function.Module._load (internal/modules/cjs/loader.js:878:14)
      at Module.require (internal/modules/cjs/loader.js:1025:19)
      at require (internal/modules/cjs/helpers.js:72:18)
      at Object.<anonymous> (C:\main\RS node\REST_Service\src\server.js:2:13)
      at Module._compile (internal/modules/cjs/loader.js:1137:30)
      at Object.Module._extensions..js (internal/modules/cjs/loader.js:1157:10),
  level: 'error',
  message: 'uncaughtException: Uncaught exception!\n' +
    'Error: Uncaught exception!\n' +
    '    at Object.<anonymous> (C:\\main\\RS node\\REST_Service\\src\\app.js:34:7)\n' +
    '    at Module._compile (internal/modules/cjs/loader.js:1137:30)\n' +
    '    at Object.Module._extensions..js (internal/modules/cjs/loader.js:1157:10)\n' +
    '    at Module.load (internal/modules/cjs/loader.js:985:32)\n' +
    '    at Function.Module._load (internal/modules/cjs/loader.js:878:14)\n' +
    '    at Module.require (internal/modules/cjs/loader.js:1025:19)\n' +
    '    at require (internal/modules/cjs/helpers.js:72:18)\n' +
    '    at Object.<anonymous> (C:\\main\\RS node\\REST_Service\\src\\server.js:2:13)\n' +
    '    at Module._compile (internal/modules/cjs/loader.js:1137:30)\n' +
    '    at Object.Module._extensions..js (internal/modules/cjs/loader.js:1157:10)',
  stack: 'Error: Uncaught exception!\n' +
    '    at Object.<anonymous> (C:\\main\\RS node\\REST_Service\\src\\app.js:34:7)\n' +
    '    at Module._compile (internal/modules/cjs/loader.js:1137:30)\n' +
    '    at Object.Module._extensions..js (internal/modules/cjs/loader.js:1157:10)\n' +
    '    at Module.load (internal/modules/cjs/loader.js:985:32)\n' +
    '    at Function.Module._load (internal/modules/cjs/loader.js:878:14)\n' +
    '    at Module.require (internal/modules/cjs/loader.js:1025:19)\n' +
    '    at require (internal/modules/cjs/helpers.js:72:18)\n' +
    '    at Object.<anonymous> (C:\\main\\RS node\\REST_Service\\src\\server.js:2:13)\n' +
    '    at Module._compile (internal/modules/cjs/loader.js:1137:30)\n' +
    '    at Object.Module._extensions..js (internal/modules/cjs/loader.js:1157:10)',
  exception: true,
  date: 'Sun Oct 18 2020 23:23:33 GMT+0300 (GMT+03:00)',
  process: {
    pid: 5864,
    uid: null,
    gid: null,
    cwd: 'C:\\main\\RS node\\REST_Service',
    execPath: 'C:\\Program Files\\nodejs\\node.exe',
    version: 'v12.18.4',
    argv: [
      'C:\\Program Files\\nodejs\\node.exe',
      'C:\\main\\RS node\\REST_Service\\src\\server.js'
    ],
    memoryUsage: {
      rss: 42459136,
      heapTotal: 19746816,
      heapUsed: 13833720,
      external: 1386238,
      arrayBuffers: 47844
    }
  },
  os: { loadavg: [ 0, 0, 0 ], uptime: 15792 },
  trace: [
    {
      column: 7,
      file: 'C:\\main\\RS node\\REST_Service\\src\\app.js',
      function: null,
      line: 34,
      method: null,
      native: false
    },
    {
      column: 30,
      file: 'internal/modules/cjs/loader.js',
      function: 'Module._compile',
      line: 1137,
      method: '_compile',
      native: false
    },
    {
      column: 10,
      file: 'internal/modules/cjs/loader.js',
      function: 'Module._extensions..js',
      line: 1157,
      method: '.js',
      native: false
    },
    {
      column: 32,
      file: 'internal/modules/cjs/loader.js',
      function: 'Module.load',
      line: 985,
      method: 'load',
      native: false
    },
    {
      column: 14,
      file: 'internal/modules/cjs/loader.js',
      function: 'Module._load',
      line: 878,
      method: '_load',
      native: false
    },
    {
      column: 19,
      file: 'internal/modules/cjs/loader.js',
      function: 'Module.require',
      line: 1025,
      method: 'require',
      native: false
    },
    {
      column: 18,
      file: 'internal/modules/cjs/helpers.js',
      function: 'require',
      line: 72,
      method: null,
      native: false
    },
    {
      column: 13,
      file: 'C:\\main\\RS node\\REST_Service\\src\\server.js',
      function: null,
      line: 2,
      method: null,
      native: false
    },
    {
      column: 30,
      file: 'internal/modules/cjs/loader.js',
      function: 'Module._compile',
      line: 1137,
      method: '_compile',
      native: false
    },
    {
      column: 10,
      file: 'internal/modules/cjs/loader.js',
      function: 'Module._extensions..js',
      line: 1157,
      method: '.js',
      native: false
    }
  ],
  timestamp: '2020-10-18 23:23:33.844'
}
{
  message: {
    type: 'uncaughtException',
    msg: 'Uncaught exception!',
    stack: Error: Uncaught exception!
        at Object.<anonymous> (C:\main\RS node\REST_Service\src\app.js:34:7)
        at Module._compile (internal/modules/cjs/loader.js:1137:30)
        at Object.Module._extensions..js (internal/modules/cjs/loader.js:1157:10)
        at Module.load (internal/modules/cjs/loader.js:985:32)
        at Function.Module._load (internal/modules/cjs/loader.js:878:14)
        at Module.require (internal/modules/cjs/loader.js:1025:19)
        at require (internal/modules/cjs/helpers.js:72:18)
        at Object.<anonymous> (C:\main\RS node\REST_Service\src\server.js:2:13)
        at Module._compile (internal/modules/cjs/loader.js:1137:30)
        at Object.Module._extensions..js (internal/modules/cjs/loader.js:1157:10)
  },
  level: 'error',
  timestamp: '2020-10-18 23:23:33.849'
}
{
  error: Error: Uncaught exception!
      at Object.<anonymous> (C:\main\RS node\REST_Service\src\app.js:34:7)
      at Module._compile (internal/modules/cjs/loader.js:1137:30)
      at Object.Module._extensions..js (internal/modules/cjs/loader.js:1157:10)
      at Module.load (internal/modules/cjs/loader.js:985:32)
      at Function.Module._load (internal/modules/cjs/loader.js:878:14)
      at Module.require (internal/modules/cjs/loader.js:1025:19)
      at require (internal/modules/cjs/helpers.js:72:18)
      at Object.<anonymous> (C:\main\RS node\REST_Service\src\server.js:2:13)
      at Module._compile (internal/modules/cjs/loader.js:1137:30)
      at Object.Module._extensions..js (internal/modules/cjs/loader.js:1157:10),
  level: 'error',
  message: 'uncaughtException: Uncaught exception!\n' +
    'Error: Uncaught exception!\n' +
    '    at Object.<anonymous> (C:\\main\\RS node\\REST_Service\\src\\app.js:34:7)\n' +
    '    at Module._compile (internal/modules/cjs/loader.js:1137:30)\n' +
    '    at Object.Module._extensions..js (internal/modules/cjs/loader.js:1157:10)\n' +
    '    at Module.load (internal/modules/cjs/loader.js:985:32)\n' +
    '    at Function.Module._load (internal/modules/cjs/loader.js:878:14)\n' +
    '    at Module.require (internal/modules/cjs/loader.js:1025:19)\n' +
    '    at require (internal/modules/cjs/helpers.js:72:18)\n' +
    '    at Object.<anonymous> (C:\\main\\RS node\\REST_Service\\src\\server.js:2:13)\n' +
    '    at Module._compile (internal/modules/cjs/loader.js:1137:30)\n' +
    '    at Object.Module._extensions..js (internal/modules/cjs/loader.js:1157:10)',
  stack: 'Error: Uncaught exception!\n' +
    '    at Object.<anonymous> (C:\\main\\RS node\\REST_Service\\src\\app.js:34:7)\n' +
    '    at Module._compile (internal/modules/cjs/loader.js:1137:30)\n' +
    '    at Object.Module._extensions..js (internal/modules/cjs/loader.js:1157:10)\n' +
    '    at Module.load (internal/modules/cjs/loader.js:985:32)\n' +
    '    at Function.Module._load (internal/modules/cjs/loader.js:878:14)\n' +
    '    at Module.require (internal/modules/cjs/loader.js:1025:19)\n' +
    '    at require (internal/modules/cjs/helpers.js:72:18)\n' +
    '    at Object.<anonymous> (C:\\main\\RS node\\REST_Service\\src\\server.js:2:13)\n' +
    '    at Module._compile (internal/modules/cjs/loader.js:1137:30)\n' +
    '    at Object.Module._extensions..js (internal/modules/cjs/loader.js:1157:10)',
  exception: true,
  date: 'Sun Oct 18 2020 23:24:45 GMT+0300 (GMT+03:00)',
  process: {
    pid: 4820,
    uid: null,
    gid: null,
    cwd: 'C:\\main\\RS node\\REST_Service',
    execPath: 'C:\\Program Files\\nodejs\\node.exe',
    version: 'v12.18.4',
    argv: [
      'C:\\Program Files\\nodejs\\node.exe',
      'C:\\main\\RS node\\REST_Service\\src\\server.js'
    ],
    memoryUsage: {
      rss: 42639360,
      heapTotal: 20271104,
      heapUsed: 13800496,
      external: 1386238,
      arrayBuffers: 47844
    }
  },
  os: { loadavg: [ 0, 0, 0 ], uptime: 15864 },
  trace: [
    {
      column: 7,
      file: 'C:\\main\\RS node\\REST_Service\\src\\app.js',
      function: null,
      line: 34,
      method: null,
      native: false
    },
    {
      column: 30,
      file: 'internal/modules/cjs/loader.js',
      function: 'Module._compile',
      line: 1137,
      method: '_compile',
      native: false
    },
    {
      column: 10,
      file: 'internal/modules/cjs/loader.js',
      function: 'Module._extensions..js',
      line: 1157,
      method: '.js',
      native: false
    },
    {
      column: 32,
      file: 'internal/modules/cjs/loader.js',
      function: 'Module.load',
      line: 985,
      method: 'load',
      native: false
    },
    {
      column: 14,
      file: 'internal/modules/cjs/loader.js',
      function: 'Module._load',
      line: 878,
      method: '_load',
      native: false
    },
    {
      column: 19,
      file: 'internal/modules/cjs/loader.js',
      function: 'Module.require',
      line: 1025,
      method: 'require',
      native: false
    },
    {
      column: 18,
      file: 'internal/modules/cjs/helpers.js',
      function: 'require',
      line: 72,
      method: null,
      native: false
    },
    {
      column: 13,
      file: 'C:\\main\\RS node\\REST_Service\\src\\server.js',
      function: null,
      line: 2,
      method: null,
      native: false
    },
    {
      column: 30,
      file: 'internal/modules/cjs/loader.js',
      function: 'Module._compile',
      line: 1137,
      method: '_compile',
      native: false
    },
    {
      column: 10,
      file: 'internal/modules/cjs/loader.js',
      function: 'Module._extensions..js',
      line: 1157,
      method: '.js',
      native: false
    }
  ],
  timestamp: '2020-10-18 23:24:45.660'
}
{
  message: {
    type: 'uncaughtException',
    msg: 'Uncaught exception!',
    stack: Error: Uncaught exception!
        at Object.<anonymous> (C:\main\RS node\REST_Service\src\app.js:34:7)
        at Module._compile (internal/modules/cjs/loader.js:1137:30)
        at Object.Module._extensions..js (internal/modules/cjs/loader.js:1157:10)
        at Module.load (internal/modules/cjs/loader.js:985:32)
        at Function.Module._load (internal/modules/cjs/loader.js:878:14)
        at Module.require (internal/modules/cjs/loader.js:1025:19)
        at require (internal/modules/cjs/helpers.js:72:18)
        at Object.<anonymous> (C:\main\RS node\REST_Service\src\server.js:2:13)
        at Module._compile (internal/modules/cjs/loader.js:1137:30)
        at Object.Module._extensions..js (internal/modules/cjs/loader.js:1157:10)
  },
  level: 'error',
  timestamp: '2020-10-18 23:24:45.664'
}
{
  message: {
    query: {},
    body: {
      title: 'Autotest board',
      columns: [ { title: 'Backlog', order: 1 }, { title: 'Sprint', order: 2 } ]
    },
    url: '/boards',
    method: 'POST',
    status: 200
  },
  level: 'info',
  timestamp: '2020-10-18 23:26:07.096'
}
{
  message: {
    query: {},
    body: {
      title: 'Autotest board',
      columns: [ { title: 'Backlog', order: 1 }, { title: 'Sprint', order: 2 } ]
    },
    url: '/boards',
    method: 'POST',
    status: 200
  },
  level: 'info',
  timestamp: '2020-10-18 23:26:07.101'
}
{
  message: { query: {}, body: {}, url: '/users', method: 'GET', status: 200 },
  level: 'info',
  timestamp: '2020-10-18 23:26:07.102'
}
{
  message: {
    query: {},
    body: {
      title: 'Autotest task',
      order: 0,
      description: 'Lorem ipsum',
      userId: null,
      boardId: null,
      columnId: null
    },
    url: '/boards/32f49db9-9c9c-47d4-ba2d-b9de9e45a1bf/tasks',
    method: 'POST',
    status: 200
  },
  level: 'info',
  timestamp: '2020-10-18 23:26:07.104'
}
{
  message: {
    query: {},
    body: {},
    url: '/boards/32f49db9-9c9c-47d4-ba2d-b9de9e45a1bf/tasks',
    method: 'GET',
    status: 200
  },
  level: 'info',
  timestamp: '2020-10-18 23:26:07.106'
}
{
  message: { query: {}, body: {}, url: '/boards', method: 'GET', status: 200 },
  level: 'info',
  timestamp: '2020-10-18 23:26:07.107'
}
{
  message: {
    query: {},
    body: {
      name: 'TEST_USER',
      login: 'test_user',
      password: 'T35t_P@55w0rd'
    },
    url: '/users',
    method: 'POST',
    status: 200
  },
  level: 'info',
  timestamp: '2020-10-18 23:26:07.110'
}
{
  message: {
    query: {},
    body: {},
    url: '/boards/32f49db9-9c9c-47d4-ba2d-b9de9e45a1bf/tasks',
    method: 'GET',
    status: 200
  },
  level: 'info',
  timestamp: '2020-10-18 23:26:07.112'
}
{
  message: {
    query: {},
    body: {},
    url: '/users/8978abc3-2c14-4c3d-896e-b4d33f8ae9c0',
    method: 'GET',
    status: 200
  },
  level: 'info',
  timestamp: '2020-10-18 23:26:07.114'
}
{
  message: { query: {}, body: {}, url: '/boards', method: 'GET', status: 200 },
  level: 'info',
  timestamp: '2020-10-18 23:26:07.115'
}
{
  message: {
    query: {},
    body: {},
    url: '/boards/32f49db9-9c9c-47d4-ba2d-b9de9e45a1bf/tasks/6502912b-547d-4bce-93c6-74e71362ccb6',
    method: 'GET',
    status: 200
  },
  level: 'info',
  timestamp: '2020-10-18 23:26:07.116'
}
{
  message: {
    query: {},
    body: {},
    url: '/users/8978abc3-2c14-4c3d-896e-b4d33f8ae9c0',
    method: 'DELETE',
    status: 204
  },
  level: 'info',
  timestamp: '2020-10-18 23:26:07.118'
}
{
  message: {
    query: {},
    body: {},
    url: '/boards/32f49db9-9c9c-47d4-ba2d-b9de9e45a1bf',
    method: 'GET',
    status: 200
  },
  level: 'info',
  timestamp: '2020-10-18 23:26:07.118'
}
{
  message: {
    query: {},
    body: {
      title: 'Autotest task',
      order: 0,
      description: 'Lorem ipsum',
      userId: null,
      boardId: null,
      columnId: null
    },
    url: '/boards/32f49db9-9c9c-47d4-ba2d-b9de9e45a1bf/tasks',
    method: 'POST',
    status: 200
  },
  level: 'info',
  timestamp: '2020-10-18 23:26:07.120'
}
{
  message: {
    query: {},
    body: {
      name: 'TEST_USER',
      login: 'test_user',
      password: 'T35t_P@55w0rd'
    },
    url: '/users',
    method: 'POST',
    status: 200
  },
  level: 'info',
  timestamp: '2020-10-18 23:26:07.121'
}
{
  message: {
    query: {},
    body: {
      title: 'Autotest board',
      columns: [ { title: 'Backlog', order: 1 }, { title: 'Sprint', order: 2 } ]
    },
    url: '/boards',
    method: 'POST',
    status: 200
  },
  level: 'info',
  timestamp: '2020-10-18 23:26:07.122'
}
{
  message: {
    query: {},
    body: {},
    url: '/boards/32f49db9-9c9c-47d4-ba2d-b9de9e45a1bf/tasks/789b4c5f-a9c2-4252-bd8c-5aade9f206b5',
    method: 'DELETE',
    status: 204
  },
  level: 'info',
  timestamp: '2020-10-18 23:26:07.123'
}
{
  message: {
    query: {},
    body: {},
    url: '/boards/edac6d3f-5de2-49be-9bc5-2378db5b0ff1',
    method: 'DELETE',
    status: 204
  },
  level: 'info',
  timestamp: '2020-10-18 23:26:07.124'
}
{
  message: {
    query: {},
    body: {
      title: 'Autotest task',
      order: 0,
      description: 'Lorem ipsum',
      userId: null,
      boardId: null,
      columnId: null
    },
    url: '/boards/32f49db9-9c9c-47d4-ba2d-b9de9e45a1bf/tasks',
    method: 'POST',
    status: 200
  },
  level: 'info',
  timestamp: '2020-10-18 23:26:07.126'
}
{
  message: {
    query: {},
    body: {},
    url: '/users/8b7835f1-ea0e-4229-b013-73ddd54e687f',
    method: 'DELETE',
    status: 204
  },
  level: 'info',
  timestamp: '2020-10-18 23:26:07.126'
}
{
  message: {
    query: {},
    body: {
      title: 'Autotest board',
      columns: [ { title: 'Backlog', order: 1 }, { title: 'Sprint', order: 2 } ]
    },
    url: '/boards',
    method: 'POST',
    status: 200
  },
  level: 'info',
  timestamp: '2020-10-18 23:26:07.127'
}
{
  message: {
    query: {},
    body: {
      name: 'TEST_USER',
      login: 'test_user',
      password: 'T35t_P@55w0rd'
    },
    url: '/users',
    method: 'POST',
    status: 200
  },
  level: 'info',
  timestamp: '2020-10-18 23:26:07.128'
}
{
  message: {
    query: {},
    body: {
      id: '037217f9-2b68-47d7-82b1-cb008c7c4929',
      title: 'Autotest updated task',
      order: 0,
      description: 'Lorem ipsum',
      userId: null,
      boardId: '32f49db9-9c9c-47d4-ba2d-b9de9e45a1bf',
      columnId: null
    },
    url: '/boards/32f49db9-9c9c-47d4-ba2d-b9de9e45a1bf/tasks/037217f9-2b68-47d7-82b1-cb008c7c4929',
    method: 'PUT',
    status: 200
  },
  level: 'info',
  timestamp: '2020-10-18 23:26:07.129'
}
{
  message: {
    query: {},
    body: {
      id: '914771c3-b8e3-423d-b4cf-d9e7fcb22adc',
      title: 'Autotest updated board',
      columns: [
        {
          id: 'eef36bd4-7664-4c88-8d8d-ebc2f0d5c17f',
          title: 'Backlog',
          order: 1
        },
        {
          id: '310ff23f-fdc0-403b-a8c7-1d27fd302a34',
          title: 'Sprint',
          order: 2
        }
      ]
    },
    url: '/boards/914771c3-b8e3-423d-b4cf-d9e7fcb22adc',
    method: 'PUT',
    status: 200
  },
  level: 'info',
  timestamp: '2020-10-18 23:26:07.130'
}
{
  message: {
    query: {},
    body: {
      name: 'Autotest updated TEST_USER',
      login: 'test_user',
      password: 'T35t_P@55w0rd',
      id: 'cb791809-f862-466e-af3b-2cafb106e1ea'
    },
    url: '/users/cb791809-f862-466e-af3b-2cafb106e1ea',
    method: 'PUT',
    status: 200
  },
  level: 'info',
  timestamp: '2020-10-18 23:26:07.131'
}
{
  message: {
    query: {},
    body: {},
    url: '/boards/32f49db9-9c9c-47d4-ba2d-b9de9e45a1bf/tasks/037217f9-2b68-47d7-82b1-cb008c7c4929',
    method: 'GET',
    status: 200
  },
  level: 'info',
  timestamp: '2020-10-18 23:26:07.132'
}
{
  message: {
    query: {},
    body: {},
    url: '/boards/914771c3-b8e3-423d-b4cf-d9e7fcb22adc',
    method: 'GET',
    status: 200
  },
  level: 'info',
  timestamp: '2020-10-18 23:26:07.133'
}
{
  message: {
    query: {},
    body: {},
    url: '/users/cb791809-f862-466e-af3b-2cafb106e1ea',
    method: 'GET',
    status: 200
  },
  level: 'info',
  timestamp: '2020-10-18 23:26:07.133'
}
{
  message: {
    query: {},
    body: {},
    url: '/boards/32f49db9-9c9c-47d4-ba2d-b9de9e45a1bf/tasks/6502912b-547d-4bce-93c6-74e71362ccb6',
    method: 'GET',
    status: 200
  },
  level: 'info',
  timestamp: '2020-10-18 23:26:07.135'
}
{
  message: {
    query: {},
    body: {},
    url: '/boards/914771c3-b8e3-423d-b4cf-d9e7fcb22adc',
    method: 'DELETE',
    status: 204
  },
  level: 'info',
  timestamp: '2020-10-18 23:26:07.135'
}
{
  message: {
    query: {},
    body: {},
    url: '/users/cb791809-f862-466e-af3b-2cafb106e1ea',
    method: 'DELETE',
    status: 204
  },
  level: 'info',
  timestamp: '2020-10-18 23:26:07.137'
}
{
  message: {
    query: {},
    body: {},
    url: '/boards/32f49db9-9c9c-47d4-ba2d-b9de9e45a1bf/tasks/6502912b-547d-4bce-93c6-74e71362ccb6',
    method: 'DELETE',
    status: 204
  },
  level: 'info',
  timestamp: '2020-10-18 23:26:07.138'
}
{
  message: {
    query: {},
    body: {
      title: 'Autotest board',
      columns: [ { title: 'Backlog', order: 1 }, { title: 'Sprint', order: 2 } ]
    },
    url: '/boards',
    method: 'POST',
    status: 200
  },
  level: 'info',
  timestamp: '2020-10-18 23:26:07.139'
}
{
  message: {
    query: {},
    body: {
      name: 'TEST_USER',
      login: 'test_user',
      password: 'T35t_P@55w0rd'
    },
    url: '/users',
    method: 'POST',
    status: 200
  },
  level: 'info',
  timestamp: '2020-10-18 23:26:07.140'
}
{
  message: {
    query: {},
    body: {},
    url: '/boards/32f49db9-9c9c-47d4-ba2d-b9de9e45a1bf/tasks/6502912b-547d-4bce-93c6-74e71362ccb6',
    method: 'GET',
    status: 404
  },
  level: 'error',
  timestamp: '2020-10-18 23:26:07.141'
}
{
  message: {
    query: {},
    body: {},
    url: '/boards/99cdb40d-a381-4baa-9e22-1d6a490f45c9',
    method: 'DELETE',
    status: 204
  },
  level: 'info',
  timestamp: '2020-10-18 23:26:07.144'
}
{
  message: {
    query: {},
    body: {},
    url: '/users/5cd8cf3f-55dd-4418-9521-4fb81e206efd',
    method: 'DELETE',
    status: 204
  },
  level: 'info',
  timestamp: '2020-10-18 23:26:07.146'
}
{
  message: {
    query: {},
    body: {},
    url: '/boards/99cdb40d-a381-4baa-9e22-1d6a490f45c9',
    method: 'GET',
    status: 404
  },
  level: 'error',
  timestamp: '2020-10-18 23:26:07.147'
}
{
  message: {
    query: {},
    body: {},
    url: '/boards/32f49db9-9c9c-47d4-ba2d-b9de9e45a1bf',
    method: 'DELETE',
    status: 204
  },
  level: 'info',
  timestamp: '2020-10-18 23:26:07.147'
}
{
  message: {
    query: {},
    body: {
      name: 'TEST_USER',
      login: 'test_user',
      password: 'T35t_P@55w0rd'
    },
    url: '/users',
    method: 'POST',
    status: 200
  },
  level: 'info',
  timestamp: '2020-10-18 23:26:07.148'
}
{
  message: {
    query: {},
    body: {
      title: 'Autotest board',
      columns: [ { title: 'Backlog', order: 1 }, { title: 'Sprint', order: 2 } ]
    },
    url: '/boards',
    method: 'POST',
    status: 200
  },
  level: 'info',
  timestamp: '2020-10-18 23:26:07.149'
}
{
  message: {
    query: {},
    body: {
      title: 'Autotest board',
      columns: [ { title: 'Backlog', order: 1 }, { title: 'Sprint', order: 2 } ]
    },
    url: '/boards',
    method: 'POST',
    status: 200
  },
  level: 'info',
  timestamp: '2020-10-18 23:26:07.150'
}
{
  message: {
    query: {},
    body: {
      title: 'Task #1',
      order: 1,
      description: 'Lorem ipsum',
      userId: 'cdb73ba3-a00d-4264-ae0c-cb7865dc42d3',
      boardId: '954e9794-f1f8-4043-b14e-8039e0401b56'
    },
    url: '/boards/954e9794-f1f8-4043-b14e-8039e0401b56/tasks',
    method: 'POST',
    status: 200
  },
  level: 'info',
  timestamp: '2020-10-18 23:26:07.152'
}
{
  message: {
    query: {},
    body: {
      title: 'Task #2',
      order: 2,
      description: 'Lorem ipsum',
      userId: 'cdb73ba3-a00d-4264-ae0c-cb7865dc42d3',
      boardId: '954e9794-f1f8-4043-b14e-8039e0401b56'
    },
    url: '/boards/954e9794-f1f8-4043-b14e-8039e0401b56/tasks',
    method: 'POST',
    status: 200
  },
  level: 'info',
  timestamp: '2020-10-18 23:26:07.153'
}
{
  message: {
    query: {},
    body: {
      title: 'Task #4',
      order: 4,
      description: 'Lorem ipsum',
      boardId: '6b06c556-b731-4ac0-bc13-f975b7e2a248',
      userId: null,
      columnId: null
    },
    url: '/boards/6b06c556-b731-4ac0-bc13-f975b7e2a248/tasks',
    method: 'POST',
    status: 200
  },
  level: 'info',
  timestamp: '2020-10-18 23:26:07.154'
}
{
  message: {
    query: {},
    body: {
      title: 'Task #1',
      order: 1,
      description: 'Lorem ipsum',
      boardId: '6b06c556-b731-4ac0-bc13-f975b7e2a248',
      userId: null,
      columnId: null
    },
    url: '/boards/6b06c556-b731-4ac0-bc13-f975b7e2a248/tasks',
    method: 'POST',
    status: 200
  },
  level: 'info',
  timestamp: '2020-10-18 23:26:07.155'
}
{
  message: {
    query: {},
    body: {
      title: 'Task #2',
      order: 2,
      description: 'Lorem ipsum',
      boardId: '6b06c556-b731-4ac0-bc13-f975b7e2a248',
      userId: null,
      columnId: null
    },
    url: '/boards/6b06c556-b731-4ac0-bc13-f975b7e2a248/tasks',
    method: 'POST',
    status: 200
  },
  level: 'info',
  timestamp: '2020-10-18 23:26:07.156'
}
{
  message: {
    query: {},
    body: {
      title: 'Task #3',
      order: 3,
      description: 'Lorem ipsum',
      boardId: '6b06c556-b731-4ac0-bc13-f975b7e2a248',
      userId: null,
      columnId: null
    },
    url: '/boards/6b06c556-b731-4ac0-bc13-f975b7e2a248/tasks',
    method: 'POST',
    status: 200
  },
  level: 'info',
  timestamp: '2020-10-18 23:26:07.157'
}
{
  message: {
    query: {},
    body: {
      title: 'Task #5',
      order: 5,
      description: 'Lorem ipsum',
      boardId: '6b06c556-b731-4ac0-bc13-f975b7e2a248',
      userId: null,
      columnId: null
    },
    url: '/boards/6b06c556-b731-4ac0-bc13-f975b7e2a248/tasks',
    method: 'POST',
    status: 200
  },
  level: 'info',
  timestamp: '2020-10-18 23:26:07.158'
}
{
  message: {
    query: {},
    body: {},
    url: '/users/cdb73ba3-a00d-4264-ae0c-cb7865dc42d3',
    method: 'DELETE',
    status: 204
  },
  level: 'info',
  timestamp: '2020-10-18 23:26:07.160'
}
{
  message: {
    query: {},
    body: {},
    url: '/boards/954e9794-f1f8-4043-b14e-8039e0401b56/tasks/50f6f1eb-1c42-45b4-8796-de12c8bca507',
    method: 'GET',
    status: 200
  },
  level: 'info',
  timestamp: '2020-10-18 23:26:07.161'
}
{
  message: {
    query: {},
    body: {},
    url: '/boards/6b06c556-b731-4ac0-bc13-f975b7e2a248/tasks/f02e4a5c-13d7-45b7-88ff-5a833a9b8a74',
    method: 'GET',
    status: 200
  },
  level: 'info',
  timestamp: '2020-10-18 23:26:07.163'
}
{
  message: {
    query: {},
    body: {},
    url: '/boards/6b06c556-b731-4ac0-bc13-f975b7e2a248/tasks/0c5e204d-6d48-4e2e-ae11-e2e20591986b',
    method: 'GET',
    status: 200
  },
  level: 'info',
  timestamp: '2020-10-18 23:26:07.163'
}
{
  message: {
    query: {},
    body: {},
    url: '/boards/6b06c556-b731-4ac0-bc13-f975b7e2a248/tasks/498b76b7-994c-462f-89fe-5d987cc88e27',
    method: 'GET',
    status: 200
  },
  level: 'info',
  timestamp: '2020-10-18 23:26:07.164'
}
{
  message: {
    query: {},
    body: {},
    url: '/boards/6b06c556-b731-4ac0-bc13-f975b7e2a248/tasks/243e15c0-cd25-4c5d-a808-9e9694a43136',
    method: 'GET',
    status: 200
  },
  level: 'info',
  timestamp: '2020-10-18 23:26:07.165'
}
{
  message: {
    query: {},
    body: {},
    url: '/boards/6b06c556-b731-4ac0-bc13-f975b7e2a248/tasks/8a0b268b-5042-46eb-b044-5b9957499bfd',
    method: 'GET',
    status: 200
  },
  level: 'info',
  timestamp: '2020-10-18 23:26:07.166'
}
{
  message: {
    query: {},
    body: {},
    url: '/boards/954e9794-f1f8-4043-b14e-8039e0401b56/tasks/fd5aa2d3-0cf7-4381-8bbb-28c094406bc3',
    method: 'GET',
    status: 200
  },
  level: 'info',
  timestamp: '2020-10-18 23:26:07.167'
}
{
  message: {
    query: {},
    body: {},
    url: '/boards/6b06c556-b731-4ac0-bc13-f975b7e2a248',
    method: 'DELETE',
    status: 204
  },
  level: 'info',
  timestamp: '2020-10-18 23:26:07.168'
}
{
  message: {
    query: {},
    body: {},
    url: '/boards/954e9794-f1f8-4043-b14e-8039e0401b56/tasks/50f6f1eb-1c42-45b4-8796-de12c8bca507',
    method: 'DELETE',
    status: 204
  },
  level: 'info',
  timestamp: '2020-10-18 23:26:07.169'
}
{
  message: {
    query: {},
    body: {},
    url: '/boards/954e9794-f1f8-4043-b14e-8039e0401b56/tasks/fd5aa2d3-0cf7-4381-8bbb-28c094406bc3',
    method: 'DELETE',
    status: 204
  },
  level: 'info',
  timestamp: '2020-10-18 23:26:07.170'
}
{
  message: {
    query: {},
    body: {},
    url: '/boards/6b06c556-b731-4ac0-bc13-f975b7e2a248/tasks/0c5e204d-6d48-4e2e-ae11-e2e20591986b',
    method: 'GET',
    status: 404
  },
  level: 'error',
  timestamp: '2020-10-18 23:26:07.171'
}
{
  message: {
    query: {},
    body: {},
    url: '/boards/6b06c556-b731-4ac0-bc13-f975b7e2a248/tasks/498b76b7-994c-462f-89fe-5d987cc88e27',
    method: 'GET',
    status: 404
  },
  level: 'error',
  timestamp: '2020-10-18 23:26:07.171'
}
{
  message: {
    query: {},
    body: {},
    url: '/boards/6b06c556-b731-4ac0-bc13-f975b7e2a248/tasks/243e15c0-cd25-4c5d-a808-9e9694a43136',
    method: 'GET',
    status: 404
  },
  level: 'error',
  timestamp: '2020-10-18 23:26:07.172'
}
{
  message: {
    query: {},
    body: {},
    url: '/boards/6b06c556-b731-4ac0-bc13-f975b7e2a248/tasks/f02e4a5c-13d7-45b7-88ff-5a833a9b8a74',
    method: 'GET',
    status: 404
  },
  level: 'error',
  timestamp: '2020-10-18 23:26:07.173'
}
{
  message: {
    query: {},
    body: {},
    url: '/boards/6b06c556-b731-4ac0-bc13-f975b7e2a248/tasks/8a0b268b-5042-46eb-b044-5b9957499bfd',
    method: 'GET',
    status: 404
  },
  level: 'error',
  timestamp: '2020-10-18 23:26:07.175'
}
{
  message: {
    query: {},
    body: {},
    url: '/boards/954e9794-f1f8-4043-b14e-8039e0401b56',
    method: 'DELETE',
    status: 204
  },
  level: 'info',
  timestamp: '2020-10-18 23:26:07.177'
}
{
  message: {
    query: {},
    body: {},
    url: '/boards/6e57e295-e251-42e2-8e97-944179571dd5',
    method: 'DELETE',
    status: 204
  },
  level: 'info',
  timestamp: '2020-10-18 23:26:07.179'
}
